<?xml version="1.0" encoding="UTF-8"?>
<coverage generated="1739936046402" clover="3.2.0">
  <project timestamp="1739936046402" name="All files">
    <metrics statements="84" coveredstatements="73" conditionals="12" coveredconditionals="8" methods="21" coveredmethods="17" elements="117" coveredelements="98" complexity="0" loc="84" ncloc="84" packages="3" files="7" classes="7"/>
    <package name="components">
      <metrics statements="17" coveredstatements="14" conditionals="4" coveredconditionals="1" methods="6" coveredmethods="5"/>
      <file name="AdminMenu.js" path="/Users/nicolelim/Desktop/cs4218-2420-ecom-project-team38/client/src/components/AdminMenu.js">
        <metrics statements="2" coveredstatements="2" conditionals="0" coveredconditionals="0" methods="1" coveredmethods="1"/>
        <line num="3" count="1" type="stmt"/>
        <line num="4" count="89" type="stmt"/>
      </file>
      <file name="Footer.js" path="/Users/nicolelim/Desktop/cs4218-2420-ecom-project-team38/client/src/components/Footer.js">
        <metrics statements="2" coveredstatements="2" conditionals="0" coveredconditionals="0" methods="1" coveredmethods="1"/>
        <line num="4" count="1" type="stmt"/>
        <line num="5" count="89" type="stmt"/>
      </file>
      <file name="Header.js" path="/Users/nicolelim/Desktop/cs4218-2420-ecom-project-team38/client/src/components/Header.js">
        <metrics statements="10" coveredstatements="7" conditionals="4" coveredconditionals="1" methods="3" coveredmethods="2"/>
        <line num="10" count="1" type="stmt"/>
        <line num="11" count="89" type="stmt"/>
        <line num="12" count="89" type="stmt"/>
        <line num="13" count="89" type="stmt"/>
        <line num="14" count="89" type="stmt"/>
        <line num="15" count="0" type="stmt"/>
        <line num="20" count="0" type="stmt"/>
        <line num="21" count="0" type="stmt"/>
        <line num="23" count="89" type="stmt"/>
        <line num="64" count="89" type="stmt"/>
      </file>
      <file name="Layout.js" path="/Users/nicolelim/Desktop/cs4218-2420-ecom-project-team38/client/src/components/Layout.js">
        <metrics statements="3" coveredstatements="3" conditionals="0" coveredconditionals="0" methods="1" coveredmethods="1"/>
        <line num="8" count="1" type="stmt"/>
        <line num="9" count="89" type="stmt"/>
        <line num="28" count="1" type="stmt"/>
      </file>
    </package>
    <package name="components.Form">
      <metrics statements="15" coveredstatements="8" conditionals="0" coveredconditionals="0" methods="5" coveredmethods="3"/>
      <file name="CategoryForm.js" path="/Users/nicolelim/Desktop/cs4218-2420-ecom-project-team38/client/src/components/Form/CategoryForm.js">
        <metrics statements="3" coveredstatements="3" conditionals="0" coveredconditionals="0" methods="2" coveredmethods="2"/>
        <line num="3" count="1" type="stmt"/>
        <line num="4" count="97" type="stmt"/>
        <line num="12" count="47" type="stmt"/>
      </file>
      <file name="SearchInput.js" path="/Users/nicolelim/Desktop/cs4218-2420-ecom-project-team38/client/src/components/Form/SearchInput.js">
        <metrics statements="12" coveredstatements="5" conditionals="0" coveredconditionals="0" methods="3" coveredmethods="1"/>
        <line num="5" count="1" type="stmt"/>
        <line num="6" count="89" type="stmt"/>
        <line num="7" count="89" type="stmt"/>
        <line num="9" count="89" type="stmt"/>
        <line num="10" count="0" type="stmt"/>
        <line num="11" count="0" type="stmt"/>
        <line num="12" count="0" type="stmt"/>
        <line num="15" count="0" type="stmt"/>
        <line num="16" count="0" type="stmt"/>
        <line num="18" count="0" type="stmt"/>
        <line num="21" count="89" type="stmt"/>
        <line num="30" count="0" type="stmt"/>
      </file>
    </package>
    <package name="pages.admin">
      <metrics statements="52" coveredstatements="51" conditionals="8" coveredconditionals="7" methods="10" coveredmethods="9"/>
      <file name="CreateCategory.js" path="/Users/nicolelim/Desktop/cs4218-2420-ecom-project-team38/client/src/pages/admin/CreateCategory.js">
        <metrics statements="52" coveredstatements="51" conditionals="8" coveredconditionals="7" methods="10" coveredmethods="9"/>
        <line num="8" count="1" type="stmt"/>
        <line num="9" count="89" type="stmt"/>
        <line num="10" count="89" type="stmt"/>
        <line num="11" count="89" type="stmt"/>
        <line num="12" count="89" type="stmt"/>
        <line num="13" count="89" type="stmt"/>
        <line num="15" count="89" type="stmt"/>
        <line num="16" count="4" type="stmt"/>
        <line num="17" count="4" type="stmt"/>
        <line num="18" count="4" type="stmt"/>
        <line num="21" count="3" type="cond" truecount="2" falsecount="0"/>
        <line num="22" count="2" type="stmt"/>
        <line num="23" count="2" type="stmt"/>
        <line num="25" count="1" type="stmt"/>
        <line num="28" count="1" type="stmt"/>
        <line num="29" count="1" type="stmt"/>
        <line num="34" count="89" type="stmt"/>
        <line num="35" count="22" type="stmt"/>
        <line num="36" count="22" type="stmt"/>
        <line num="37" count="21" type="cond" truecount="1" falsecount="1"/>
        <line num="38" count="21" type="stmt"/>
        <line num="41" count="1" type="stmt"/>
        <line num="42" count="1" type="stmt"/>
        <line num="46" count="89" type="stmt"/>
        <line num="47" count="16" type="stmt"/>
        <line num="51" count="89" type="stmt"/>
        <line num="52" count="4" type="stmt"/>
        <line num="53" count="4" type="stmt"/>
        <line num="54" count="4" type="stmt"/>
        <line num="58" count="3" type="cond" truecount="2" falsecount="0"/>
        <line num="59" count="2" type="stmt"/>
        <line num="60" count="2" type="stmt"/>
        <line num="61" count="2" type="stmt"/>
        <line num="62" count="2" type="stmt"/>
        <line num="63" count="2" type="stmt"/>
        <line num="65" count="1" type="stmt"/>
        <line num="68" count="1" type="stmt"/>
        <line num="72" count="89" type="stmt"/>
        <line num="73" count="4" type="stmt"/>
        <line num="74" count="4" type="stmt"/>
        <line num="77" count="3" type="cond" truecount="2" falsecount="0"/>
        <line num="78" count="2" type="stmt"/>
        <line num="80" count="2" type="stmt"/>
        <line num="82" count="1" type="stmt"/>
        <line num="85" count="1" type="stmt"/>
        <line num="88" count="89" type="stmt"/>
        <line num="114" count="73" type="stmt"/>
        <line num="120" count="5" type="stmt"/>
        <line num="121" count="5" type="stmt"/>
        <line num="122" count="5" type="stmt"/>
        <line num="130" count="4" type="stmt"/>
        <line num="142" count="0" type="stmt"/>
      </file>
    </package>
  </project>
</coverage>
