<?xml version="1.0" encoding="UTF-8"?>
<coverage generated="1739761508787" clover="3.2.0">
  <project timestamp="1739761508788" name="All files">
    <metrics statements="449" coveredstatements="262" conditionals="123" coveredconditionals="55" methods="78" coveredmethods="54" elements="650" coveredelements="371" complexity="0" loc="449" ncloc="449" packages="9" files="20" classes="20"/>
    <package name="client.src.components">
      <metrics statements="17" coveredstatements="14" conditionals="4" coveredconditionals="3" methods="6" coveredmethods="5"/>
      <file name="Footer.js" path="/Users/nicolelim/Desktop/cs4218-2420-ecom-project-team38/client/src/components/Footer.js">
        <metrics statements="2" coveredstatements="2" conditionals="0" coveredconditionals="0" methods="1" coveredmethods="1"/>
        <line num="4" count="6" type="stmt"/>
        <line num="5" count="91" type="stmt"/>
      </file>
      <file name="Header.js" path="/Users/nicolelim/Desktop/cs4218-2420-ecom-project-team38/client/src/components/Header.js">
        <metrics statements="10" coveredstatements="7" conditionals="4" coveredconditionals="3" methods="3" coveredmethods="2"/>
        <line num="10" count="6" type="stmt"/>
        <line num="11" count="91" type="stmt"/>
        <line num="12" count="91" type="stmt"/>
        <line num="13" count="91" type="stmt"/>
        <line num="14" count="91" type="stmt"/>
        <line num="15" count="0" type="stmt"/>
        <line num="20" count="0" type="stmt"/>
        <line num="21" count="0" type="stmt"/>
        <line num="23" count="91" type="stmt"/>
        <line num="64" count="11" type="stmt"/>
      </file>
      <file name="Layout.js" path="/Users/nicolelim/Desktop/cs4218-2420-ecom-project-team38/client/src/components/Layout.js">
        <metrics statements="3" coveredstatements="3" conditionals="0" coveredconditionals="0" methods="1" coveredmethods="1"/>
        <line num="8" count="6" type="stmt"/>
        <line num="9" count="91" type="stmt"/>
        <line num="28" count="6" type="stmt"/>
      </file>
      <file name="UserMenu.js" path="/Users/nicolelim/Desktop/cs4218-2420-ecom-project-team38/client/src/components/UserMenu.js">
        <metrics statements="2" coveredstatements="2" conditionals="0" coveredconditionals="0" methods="1" coveredmethods="1"/>
        <line num="3" count="2" type="stmt"/>
        <line num="4" count="44" type="stmt"/>
      </file>
    </package>
    <package name="client.src.components.Form">
      <metrics statements="12" coveredstatements="12" conditionals="0" coveredconditionals="0" methods="3" coveredmethods="3"/>
      <file name="SearchInput.js" path="/Users/nicolelim/Desktop/cs4218-2420-ecom-project-team38/client/src/components/Form/SearchInput.js">
        <metrics statements="12" coveredstatements="12" conditionals="0" coveredconditionals="0" methods="3" coveredmethods="3"/>
        <line num="5" count="6" type="stmt"/>
        <line num="6" count="88" type="stmt"/>
        <line num="7" count="88" type="stmt"/>
        <line num="9" count="88" type="stmt"/>
        <line num="10" count="4" type="stmt"/>
        <line num="11" count="4" type="stmt"/>
        <line num="12" count="4" type="stmt"/>
        <line num="15" count="2" type="stmt"/>
        <line num="16" count="2" type="stmt"/>
        <line num="18" count="2" type="stmt"/>
        <line num="21" count="88" type="stmt"/>
        <line num="30" count="4" type="stmt"/>
      </file>
    </package>
    <package name="client.src.hooks">
      <metrics statements="9" coveredstatements="8" conditionals="0" coveredconditionals="0" methods="3" coveredmethods="3"/>
      <file name="useCategory.js" path="/Users/nicolelim/Desktop/cs4218-2420-ecom-project-team38/client/src/hooks/useCategory.js">
        <metrics statements="9" coveredstatements="8" conditionals="0" coveredconditionals="0" methods="3" coveredmethods="3"/>
        <line num="5" count="36" type="stmt"/>
        <line num="8" count="36" type="stmt"/>
        <line num="9" count="12" type="stmt"/>
        <line num="10" count="12" type="stmt"/>
        <line num="11" count="0" type="stmt"/>
        <line num="13" count="12" type="stmt"/>
        <line num="17" count="36" type="stmt"/>
        <line num="18" count="12" type="stmt"/>
        <line num="21" count="36" type="stmt"/>
      </file>
    </package>
    <package name="client.src.pages">
      <metrics statements="31" coveredstatements="31" conditionals="8" coveredconditionals="8" methods="10" coveredmethods="10"/>
      <file name="ProductDetails.js" path="/Users/nicolelim/Desktop/cs4218-2420-ecom-project-team38/client/src/pages/ProductDetails.js">
        <metrics statements="21" coveredstatements="21" conditionals="4" coveredconditionals="4" methods="6" coveredmethods="6"/>
        <line num="7" count="1" type="stmt"/>
        <line num="8" count="10" type="stmt"/>
        <line num="9" count="10" type="stmt"/>
        <line num="10" count="10" type="stmt"/>
        <line num="11" count="9" type="stmt"/>
        <line num="14" count="9" type="stmt"/>
        <line num="15" count="6" type="cond" truecount="2" falsecount="0"/>
        <line num="18" count="9" type="stmt"/>
        <line num="19" count="5" type="stmt"/>
        <line num="20" count="5" type="stmt"/>
        <line num="23" count="4" type="stmt"/>
        <line num="24" count="4" type="stmt"/>
        <line num="26" count="1" type="stmt"/>
        <line num="30" count="9" type="stmt"/>
        <line num="31" count="4" type="stmt"/>
        <line num="32" count="4" type="stmt"/>
        <line num="35" count="2" type="stmt"/>
        <line num="37" count="2" type="stmt"/>
        <line num="40" count="9" type="stmt"/>
        <line num="76" count="6" type="stmt"/>
        <line num="98" count="1" type="stmt"/>
      </file>
      <file name="Search.js" path="/Users/nicolelim/Desktop/cs4218-2420-ecom-project-team38/client/src/pages/Search.js">
        <metrics statements="10" coveredstatements="10" conditionals="4" coveredconditionals="4" methods="4" coveredmethods="4"/>
        <line num="8" count="1" type="stmt"/>
        <line num="9" count="11" type="stmt"/>
        <line num="10" count="11" type="stmt"/>
        <line num="11" count="11" type="stmt"/>
        <line num="13" count="11" type="stmt"/>
        <line num="25" count="11" type="stmt"/>
        <line num="46" count="1" type="stmt"/>
        <line num="53" count="1" type="stmt"/>
        <line num="54" count="1" type="stmt"/>
        <line num="58" count="1" type="stmt"/>
      </file>
    </package>
    <package name="client.src.pages.Auth">
      <metrics statements="49" coveredstatements="46" conditionals="12" coveredconditionals="10" methods="14" coveredmethods="13"/>
      <file name="Login.js" path="/Users/nicolelim/Desktop/cs4218-2420-ecom-project-team38/client/src/pages/Auth/Login.js">
        <metrics statements="22" coveredstatements="20" conditionals="8" coveredconditionals="7" methods="5" coveredmethods="4"/>
        <line num="9" count="1" type="stmt"/>
        <line num="10" count="11" type="stmt"/>
        <line num="11" count="11" type="stmt"/>
        <line num="12" count="11" type="stmt"/>
        <line num="14" count="11" type="stmt"/>
        <line num="15" count="11" type="stmt"/>
        <line num="18" count="11" type="stmt"/>
        <line num="19" count="2" type="stmt"/>
        <line num="20" count="2" type="stmt"/>
        <line num="21" count="2" type="stmt"/>
        <line num="25" count="1" type="cond" truecount="3" falsecount="1"/>
        <line num="26" count="1" type="cond" truecount="2" falsecount="0"/>
        <line num="34" count="1" type="stmt"/>
        <line num="39" count="1" type="stmt"/>
        <line num="40" count="1" type="cond" truecount="2" falsecount="0"/>
        <line num="42" count="0" type="stmt"/>
        <line num="45" count="1" type="stmt"/>
        <line num="46" count="1" type="stmt"/>
        <line num="49" count="11" type="stmt"/>
        <line num="60" count="3" type="stmt"/>
        <line num="71" count="3" type="stmt"/>
        <line num="83" count="0" type="stmt"/>
      </file>
      <file name="Register.js" path="/Users/nicolelim/Desktop/cs4218-2420-ecom-project-team38/client/src/pages/Auth/Register.js">
        <metrics statements="27" coveredstatements="26" conditionals="4" coveredconditionals="3" methods="9" coveredmethods="9"/>
        <line num="7" count="1" type="stmt"/>
        <line num="8" count="16" type="stmt"/>
        <line num="9" count="16" type="stmt"/>
        <line num="10" count="16" type="stmt"/>
        <line num="11" count="16" type="stmt"/>
        <line num="12" count="16" type="stmt"/>
        <line num="13" count="16" type="stmt"/>
        <line num="14" count="16" type="stmt"/>
        <line num="15" count="16" type="stmt"/>
        <line num="18" count="16" type="stmt"/>
        <line num="19" count="2" type="stmt"/>
        <line num="20" count="2" type="stmt"/>
        <line num="21" count="2" type="stmt"/>
        <line num="30" count="1" type="cond" truecount="3" falsecount="1"/>
        <line num="31" count="1" type="stmt"/>
        <line num="32" count="1" type="stmt"/>
        <line num="34" count="0" type="stmt"/>
        <line num="37" count="1" type="stmt"/>
        <line num="38" count="1" type="stmt"/>
        <line num="42" count="16" type="stmt"/>
        <line num="51" count="2" type="stmt"/>
        <line num="63" count="2" type="stmt"/>
        <line num="74" count="2" type="stmt"/>
        <line num="85" count="2" type="stmt"/>
        <line num="96" count="2" type="stmt"/>
        <line num="107" count="2" type="stmt"/>
        <line num="118" count="2" type="stmt"/>
      </file>
    </package>
    <package name="client.src.pages.user">
      <metrics statements="39" coveredstatements="39" conditionals="4" coveredconditionals="4" methods="8" coveredmethods="8"/>
      <file name="Dashboard.js" path="/Users/nicolelim/Desktop/cs4218-2420-ecom-project-team38/client/src/pages/user/Dashboard.js">
        <metrics statements="3" coveredstatements="3" conditionals="0" coveredconditionals="0" methods="1" coveredmethods="1"/>
        <line num="5" count="1" type="stmt"/>
        <line num="6" count="3" type="stmt"/>
        <line num="7" count="3" type="stmt"/>
      </file>
      <file name="Profile.js" path="/Users/nicolelim/Desktop/cs4218-2420-ecom-project-team38/client/src/pages/user/Profile.js">
        <metrics statements="36" coveredstatements="36" conditionals="4" coveredconditionals="4" methods="7" coveredmethods="7"/>
        <line num="8" count="1" type="stmt"/>
        <line num="9" count="41" type="stmt"/>
        <line num="11" count="41" type="stmt"/>
        <line num="13" count="41" type="stmt"/>
        <line num="14" count="41" type="stmt"/>
        <line num="15" count="41" type="stmt"/>
        <line num="16" count="41" type="stmt"/>
        <line num="17" count="41" type="stmt"/>
        <line num="20" count="41" type="stmt"/>
        <line num="21" count="14" type="cond" truecount="2" falsecount="0"/>
        <line num="22" count="1" type="stmt"/>
        <line num="23" count="1" type="stmt"/>
        <line num="26" count="13" type="stmt"/>
        <line num="27" count="13" type="stmt"/>
        <line num="28" count="13" type="stmt"/>
        <line num="29" count="13" type="stmt"/>
        <line num="30" count="13" type="stmt"/>
        <line num="34" count="41" type="stmt"/>
        <line num="35" count="4" type="stmt"/>
        <line num="36" count="4" type="stmt"/>
        <line num="37" count="4" type="stmt"/>
        <line num="44" count="3" type="cond" truecount="2" falsecount="0"/>
        <line num="45" count="1" type="stmt"/>
        <line num="47" count="2" type="stmt"/>
        <line num="48" count="2" type="stmt"/>
        <line num="49" count="2" type="stmt"/>
        <line num="50" count="2" type="stmt"/>
        <line num="51" count="2" type="stmt"/>
        <line num="52" count="2" type="stmt"/>
        <line num="55" count="1" type="stmt"/>
        <line num="56" count="1" type="stmt"/>
        <line num="59" count="41" type="stmt"/>
        <line num="74" count="3" type="stmt"/>
        <line num="95" count="4" type="stmt"/>
        <line num="105" count="4" type="stmt"/>
        <line num="115" count="3" type="stmt"/>
      </file>
    </package>
    <package name="controllers">
      <metrics statements="278" coveredstatements="98" conditionals="87" coveredconditionals="22" methods="30" coveredmethods="8"/>
      <file name="authController.js" path="/Users/nicolelim/Desktop/cs4218-2420-ecom-project-team38/controllers/authController.js">
        <metrics statements="108" coveredstatements="29" conditionals="49" coveredconditionals="15" methods="8" coveredmethods="1"/>
        <line num="12" count="1" type="stmt"/>
        <line num="13" count="0" type="stmt"/>
        <line num="14" count="0" type="stmt"/>
        <line num="16" count="0" type="cond" truecount="0" falsecount="2"/>
        <line num="17" count="0" type="stmt"/>
        <line num="19" count="0" type="cond" truecount="0" falsecount="2"/>
        <line num="20" count="0" type="stmt"/>
        <line num="22" count="0" type="cond" truecount="0" falsecount="2"/>
        <line num="23" count="0" type="stmt"/>
        <line num="26" count="0" type="stmt"/>
        <line num="27" count="0" type="cond" truecount="0" falsecount="2"/>
        <line num="28" count="0" type="stmt"/>
        <line num="33" count="0" type="cond" truecount="0" falsecount="2"/>
        <line num="34" count="0" type="stmt"/>
        <line num="37" count="0" type="stmt"/>
        <line num="38" count="0" type="cond" truecount="0" falsecount="2"/>
        <line num="39" count="0" type="stmt"/>
        <line num="44" count="0" type="cond" truecount="0" falsecount="2"/>
        <line num="45" count="0" type="stmt"/>
        <line num="47" count="0" type="cond" truecount="0" falsecount="2"/>
        <line num="48" count="0" type="stmt"/>
        <line num="51" count="0" type="stmt"/>
        <line num="53" count="0" type="cond" truecount="0" falsecount="2"/>
        <line num="54" count="0" type="stmt"/>
        <line num="60" count="0" type="stmt"/>
        <line num="62" count="0" type="stmt"/>
        <line num="71" count="0" type="stmt"/>
        <line num="77" count="0" type="stmt"/>
        <line num="78" count="0" type="stmt"/>
        <line num="87" count="1" type="stmt"/>
        <line num="88" count="0" type="stmt"/>
        <line num="89" count="0" type="stmt"/>
        <line num="91" count="0" type="cond" truecount="0" falsecount="4"/>
        <line num="92" count="0" type="stmt"/>
        <line num="98" count="0" type="stmt"/>
        <line num="99" count="0" type="cond" truecount="0" falsecount="2"/>
        <line num="100" count="0" type="stmt"/>
        <line num="105" count="0" type="stmt"/>
        <line num="106" count="0" type="cond" truecount="0" falsecount="2"/>
        <line num="107" count="0" type="stmt"/>
        <line num="113" count="0" type="stmt"/>
        <line num="116" count="0" type="stmt"/>
        <line num="130" count="0" type="stmt"/>
        <line num="131" count="0" type="stmt"/>
        <line num="141" count="1" type="stmt"/>
        <line num="142" count="0" type="stmt"/>
        <line num="143" count="0" type="stmt"/>
        <line num="144" count="0" type="cond" truecount="0" falsecount="2"/>
        <line num="145" count="0" type="stmt"/>
        <line num="147" count="0" type="cond" truecount="0" falsecount="2"/>
        <line num="148" count="0" type="stmt"/>
        <line num="150" count="0" type="cond" truecount="0" falsecount="2"/>
        <line num="151" count="0" type="stmt"/>
        <line num="154" count="0" type="stmt"/>
        <line num="156" count="0" type="cond" truecount="0" falsecount="2"/>
        <line num="157" count="0" type="stmt"/>
        <line num="162" count="0" type="stmt"/>
        <line num="163" count="0" type="stmt"/>
        <line num="164" count="0" type="stmt"/>
        <line num="169" count="0" type="stmt"/>
        <line num="170" count="0" type="stmt"/>
        <line num="179" count="1" type="stmt"/>
        <line num="180" count="0" type="stmt"/>
        <line num="181" count="0" type="stmt"/>
        <line num="183" count="0" type="stmt"/>
        <line num="184" count="0" type="stmt"/>
        <line num="189" count="1" type="stmt"/>
        <line num="190" count="12" type="stmt"/>
        <line num="191" count="12" type="stmt"/>
        <line num="192" count="12" type="stmt"/>
        <line num="194" count="11" type="stmt"/>
        <line num="195" count="11" type="stmt"/>
        <line num="196" count="11" type="stmt"/>
        <line num="197" count="11" type="stmt"/>
        <line num="200" count="11" type="cond" truecount="5" falsecount="0"/>
        <line num="201" count="3" type="stmt"/>
        <line num="207" count="8" type="cond" truecount="2" falsecount="0"/>
        <line num="208" count="5" type="stmt"/>
        <line num="209" count="5" type="cond" truecount="2" falsecount="0"/>
        <line num="210" count="1" type="stmt"/>
        <line num="217" count="7" type="stmt"/>
        <line num="218" count="7" type="cond" truecount="2" falsecount="0"/>
        <line num="219" count="1" type="stmt"/>
        <line num="224" count="6" type="cond" truecount="2" falsecount="0"/>
        <line num="225" count="5" type="stmt"/>
        <line num="235" count="4" type="stmt"/>
        <line num="241" count="3" type="stmt"/>
        <line num="242" count="3" type="stmt"/>
        <line num="251" count="1" type="stmt"/>
        <line num="252" count="0" type="stmt"/>
        <line num="253" count="0" type="stmt"/>
        <line num="257" count="0" type="stmt"/>
        <line num="259" count="0" type="stmt"/>
        <line num="260" count="0" type="stmt"/>
        <line num="268" count="1" type="stmt"/>
        <line num="269" count="0" type="stmt"/>
        <line num="270" count="0" type="stmt"/>
        <line num="275" count="0" type="stmt"/>
        <line num="277" count="0" type="stmt"/>
        <line num="278" count="0" type="stmt"/>
        <line num="287" count="1" type="stmt"/>
        <line num="288" count="0" type="stmt"/>
        <line num="289" count="0" type="stmt"/>
        <line num="290" count="0" type="stmt"/>
        <line num="291" count="0" type="stmt"/>
        <line num="296" count="0" type="stmt"/>
        <line num="298" count="0" type="stmt"/>
        <line num="299" count="0" type="stmt"/>
      </file>
      <file name="categoryController.js" path="/Users/nicolelim/Desktop/cs4218-2420-ecom-project-team38/controllers/categoryController.js">
        <metrics statements="39" coveredstatements="23" conditionals="6" coveredconditionals="6" methods="5" coveredmethods="2"/>
        <line num="3" count="1" type="stmt"/>
        <line num="4" count="5" type="stmt"/>
        <line num="5" count="5" type="stmt"/>
        <line num="6" count="5" type="cond" truecount="4" falsecount="0"/>
        <line num="7" count="2" type="stmt"/>
        <line num="9" count="3" type="stmt"/>
        <line num="10" count="3" type="cond" truecount="2" falsecount="0"/>
        <line num="11" count="1" type="stmt"/>
        <line num="16" count="2" type="stmt"/>
        <line num="20" count="1" type="stmt"/>
        <line num="26" count="1" type="stmt"/>
        <line num="27" count="1" type="stmt"/>
        <line num="36" count="1" type="stmt"/>
        <line num="37" count="2" type="stmt"/>
        <line num="38" count="2" type="stmt"/>
        <line num="39" count="2" type="stmt"/>
        <line num="40" count="2" type="stmt"/>
        <line num="45" count="1" type="stmt"/>
        <line num="51" count="1" type="stmt"/>
        <line num="52" count="1" type="stmt"/>
        <line num="61" count="1" type="stmt"/>
        <line num="62" count="0" type="stmt"/>
        <line num="63" count="0" type="stmt"/>
        <line num="64" count="0" type="stmt"/>
        <line num="70" count="0" type="stmt"/>
        <line num="71" count="0" type="stmt"/>
        <line num="80" count="1" type="stmt"/>
        <line num="81" count="0" type="stmt"/>
        <line num="82" count="0" type="stmt"/>
        <line num="83" count="0" type="stmt"/>
        <line num="89" count="0" type="stmt"/>
        <line num="90" count="0" type="stmt"/>
        <line num="99" count="1" type="stmt"/>
        <line num="100" count="0" type="stmt"/>
        <line num="101" count="0" type="stmt"/>
        <line num="102" count="0" type="stmt"/>
        <line num="103" count="0" type="stmt"/>
        <line num="108" count="0" type="stmt"/>
        <line num="109" count="0" type="stmt"/>
      </file>
      <file name="productController.js" path="/Users/nicolelim/Desktop/cs4218-2420-ecom-project-team38/controllers/productController.js">
        <metrics statements="131" coveredstatements="46" conditionals="32" coveredconditionals="1" methods="17" coveredmethods="5"/>
        <line num="10" count="1" type="stmt"/>
        <line num="13" count="1" type="stmt"/>
        <line num="20" count="1" type="stmt"/>
        <line num="21" count="0" type="stmt"/>
        <line num="23" count="0" type="stmt"/>
        <line num="24" count="0" type="stmt"/>
        <line num="26" count="0" type="cond" truecount="0" falsecount="6"/>
        <line num="28" count="0" type="stmt"/>
        <line num="30" count="0" type="stmt"/>
        <line num="32" count="0" type="stmt"/>
        <line num="34" count="0" type="stmt"/>
        <line num="36" count="0" type="stmt"/>
        <line num="38" count="0" type="stmt"/>
        <line num="43" count="0" type="stmt"/>
        <line num="44" count="0" type="cond" truecount="0" falsecount="2"/>
        <line num="45" count="0" type="stmt"/>
        <line num="46" count="0" type="stmt"/>
        <line num="48" count="0" type="stmt"/>
        <line num="49" count="0" type="stmt"/>
        <line num="55" count="0" type="stmt"/>
        <line num="56" count="0" type="stmt"/>
        <line num="65" count="1" type="stmt"/>
        <line num="66" count="2" type="stmt"/>
        <line num="67" count="2" type="stmt"/>
        <line num="73" count="1" type="stmt"/>
        <line num="80" count="1" type="stmt"/>
        <line num="81" count="1" type="stmt"/>
        <line num="89" count="1" type="stmt"/>
        <line num="90" count="2" type="stmt"/>
        <line num="91" count="2" type="stmt"/>
        <line num="95" count="1" type="stmt"/>
        <line num="101" count="1" type="stmt"/>
        <line num="102" count="1" type="stmt"/>
        <line num="111" count="1" type="stmt"/>
        <line num="112" count="2" type="stmt"/>
        <line num="113" count="2" type="stmt"/>
        <line num="114" count="1" type="cond" truecount="1" falsecount="1"/>
        <line num="115" count="1" type="stmt"/>
        <line num="116" count="1" type="stmt"/>
        <line num="119" count="1" type="stmt"/>
        <line num="120" count="1" type="stmt"/>
        <line num="129" count="1" type="stmt"/>
        <line num="130" count="0" type="stmt"/>
        <line num="131" count="0" type="stmt"/>
        <line num="132" count="0" type="stmt"/>
        <line num="137" count="0" type="stmt"/>
        <line num="138" count="0" type="stmt"/>
        <line num="147" count="1" type="stmt"/>
        <line num="148" count="0" type="stmt"/>
        <line num="150" count="0" type="stmt"/>
        <line num="151" count="0" type="stmt"/>
        <line num="153" count="0" type="cond" truecount="0" falsecount="6"/>
        <line num="155" count="0" type="stmt"/>
        <line num="157" count="0" type="stmt"/>
        <line num="159" count="0" type="stmt"/>
        <line num="161" count="0" type="stmt"/>
        <line num="163" count="0" type="stmt"/>
        <line num="165" count="0" type="stmt"/>
        <line num="170" count="0" type="stmt"/>
        <line num="175" count="0" type="cond" truecount="0" falsecount="2"/>
        <line num="176" count="0" type="stmt"/>
        <line num="177" count="0" type="stmt"/>
        <line num="179" count="0" type="stmt"/>
        <line num="180" count="0" type="stmt"/>
        <line num="186" count="0" type="stmt"/>
        <line num="187" count="0" type="stmt"/>
        <line num="196" count="1" type="stmt"/>
        <line num="197" count="0" type="stmt"/>
        <line num="198" count="0" type="stmt"/>
        <line num="199" count="0" type="stmt"/>
        <line num="200" count="0" type="cond" truecount="0" falsecount="2"/>
        <line num="201" count="0" type="cond" truecount="0" falsecount="2"/>
        <line num="202" count="0" type="stmt"/>
        <line num="203" count="0" type="stmt"/>
        <line num="208" count="0" type="stmt"/>
        <line num="209" count="0" type="stmt"/>
        <line num="218" count="1" type="stmt"/>
        <line num="219" count="0" type="stmt"/>
        <line num="220" count="0" type="stmt"/>
        <line num="221" count="0" type="stmt"/>
        <line num="226" count="0" type="stmt"/>
        <line num="227" count="0" type="stmt"/>
        <line num="236" count="1" type="stmt"/>
        <line num="237" count="0" type="stmt"/>
        <line num="238" count="0" type="stmt"/>
        <line num="239" count="0" type="cond" truecount="0" falsecount="2"/>
        <line num="240" count="0" type="stmt"/>
        <line num="246" count="0" type="stmt"/>
        <line num="251" count="0" type="stmt"/>
        <line num="252" count="0" type="stmt"/>
        <line num="261" count="1" type="stmt"/>
        <line num="262" count="4" type="stmt"/>
        <line num="263" count="4" type="stmt"/>
        <line num="264" count="4" type="stmt"/>
        <line num="268" count="4" type="stmt"/>
        <line num="276" count="3" type="stmt"/>
        <line num="278" count="1" type="stmt"/>
        <line num="279" count="1" type="stmt"/>
        <line num="288" count="1" type="stmt"/>
        <line num="289" count="2" type="stmt"/>
        <line num="290" count="2" type="stmt"/>
        <line num="291" count="2" type="stmt"/>
        <line num="299" count="1" type="stmt"/>
        <line num="304" count="1" type="stmt"/>
        <line num="305" count="1" type="stmt"/>
        <line num="314" count="1" type="stmt"/>
        <line num="315" count="0" type="stmt"/>
        <line num="316" count="0" type="stmt"/>
        <line num="317" count="0" type="stmt"/>
        <line num="318" count="0" type="stmt"/>
        <line num="324" count="0" type="stmt"/>
        <line num="325" count="0" type="stmt"/>
        <line num="335" count="1" type="stmt"/>
        <line num="336" count="0" type="stmt"/>
        <line num="337" count="0" type="stmt"/>
        <line num="338" count="0" type="cond" truecount="0" falsecount="2"/>
        <line num="339" count="0" type="stmt"/>
        <line num="341" count="0" type="stmt"/>
        <line num="345" count="0" type="stmt"/>
        <line num="350" count="1" type="stmt"/>
        <line num="351" count="0" type="stmt"/>
        <line num="352" count="0" type="stmt"/>
        <line num="353" count="0" type="stmt"/>
        <line num="354" count="0" type="stmt"/>
        <line num="355" count="0" type="stmt"/>
        <line num="357" count="0" type="stmt"/>
        <line num="366" count="0" type="cond" truecount="0" falsecount="2"/>
        <line num="367" count="0" type="stmt"/>
        <line num="372" count="0" type="stmt"/>
        <line num="374" count="0" type="stmt"/>
        <line num="379" count="0" type="stmt"/>
      </file>
    </package>
    <package name="helpers">
      <metrics statements="10" coveredstatements="10" conditionals="8" coveredconditionals="8" methods="4" coveredmethods="4"/>
      <file name="authHelper.js" path="/Users/nicolelim/Desktop/cs4218-2420-ecom-project-team38/helpers/authHelper.js">
        <metrics statements="10" coveredstatements="10" conditionals="8" coveredconditionals="8" methods="4" coveredmethods="4"/>
        <line num="3" count="1" type="stmt"/>
        <line num="4" count="2" type="stmt"/>
        <line num="5" count="2" type="stmt"/>
        <line num="6" count="1" type="stmt"/>
        <line num="9" count="1" type="stmt"/>
        <line num="10" count="3" type="stmt"/>
        <line num="13" count="1" type="stmt"/>
        <line num="14" count="4" type="cond" truecount="4" falsecount="0"/>
        <line num="19" count="1" type="stmt"/>
        <line num="20" count="8" type="cond" truecount="4" falsecount="0"/>
      </file>
    </package>
    <package name="models">
      <metrics statements="4" coveredstatements="4" conditionals="0" coveredconditionals="0" methods="0" coveredmethods="0"/>
      <file name="categoryModel.js" path="/Users/nicolelim/Desktop/cs4218-2420-ecom-project-team38/models/categoryModel.js">
        <metrics statements="1" coveredstatements="1" conditionals="0" coveredconditionals="0" methods="0" coveredmethods="0"/>
        <line num="3" count="2" type="stmt"/>
      </file>
      <file name="orderModel.js" path="/Users/nicolelim/Desktop/cs4218-2420-ecom-project-team38/models/orderModel.js">
        <metrics statements="1" coveredstatements="1" conditionals="0" coveredconditionals="0" methods="0" coveredmethods="0"/>
        <line num="3" count="2" type="stmt"/>
      </file>
      <file name="productModel.js" path="/Users/nicolelim/Desktop/cs4218-2420-ecom-project-team38/models/productModel.js">
        <metrics statements="1" coveredstatements="1" conditionals="0" coveredconditionals="0" methods="0" coveredmethods="0"/>
        <line num="3" count="1" type="stmt"/>
      </file>
      <file name="userModel.js" path="/Users/nicolelim/Desktop/cs4218-2420-ecom-project-team38/models/userModel.js">
        <metrics statements="1" coveredstatements="1" conditionals="0" coveredconditionals="0" methods="0" coveredmethods="0"/>
        <line num="3" count="1" type="stmt"/>
      </file>
    </package>
  </project>
</coverage>
