{"/Users/nicolelim/Desktop/cs4218-2420-ecom-project-team38/client/src/components/AdminMenu.js": {"path":"/Users/nicolelim/Desktop/cs4218-2420-ecom-project-team38/client/src/components/AdminMenu.js","statementMap":{"0":{"start":{"line":3,"column":18},"end":{"line":43,"column":1}},"1":{"start":{"line":4,"column":2},"end":{"line":42,"column":4}}},"fnMap":{"0":{"name":"(anonymous_0)","decl":{"start":{"line":3,"column":18},"end":{"line":3,"column":19}},"loc":{"start":{"line":3,"column":24},"end":{"line":43,"column":1}},"line":3}},"branchMap":{},"s":{"0":1,"1":89},"f":{"0":89},"b":{},"_coverageSchema":"1a1c01bbd47fc00a2c39e90264f33305004495a9","hash":"28a816319ceee2bb5d2b94fe08ca0dfd4d26e707"}
,"/Users/nicolelim/Desktop/cs4218-2420-ecom-project-team38/client/src/components/Footer.js": {"path":"/Users/nicolelim/Desktop/cs4218-2420-ecom-project-team38/client/src/components/Footer.js","statementMap":{"0":{"start":{"line":4,"column":15},"end":{"line":14,"column":1}},"1":{"start":{"line":5,"column":2},"end":{"line":13,"column":4}}},"fnMap":{"0":{"name":"(anonymous_0)","decl":{"start":{"line":4,"column":15},"end":{"line":4,"column":16}},"loc":{"start":{"line":4,"column":21},"end":{"line":14,"column":1}},"line":4}},"branchMap":{},"s":{"0":1,"1":89},"f":{"0":89},"b":{},"_coverageSchema":"1a1c01bbd47fc00a2c39e90264f33305004495a9","hash":"6a17e5cacd148fcfa732f879161997ee6cc3d06f"}
,"/Users/nicolelim/Desktop/cs4218-2420-ecom-project-team38/client/src/components/Header.js": {"path":"/Users/nicolelim/Desktop/cs4218-2420-ecom-project-team38/client/src/components/Header.js","statementMap":{"0":{"start":{"line":10,"column":15},"end":{"line":138,"column":1}},"1":{"start":{"line":11,"column":26},"end":{"line":11,"column":35}},"2":{"start":{"line":12,"column":17},"end":{"line":12,"column":26}},"3":{"start":{"line":13,"column":21},"end":{"line":13,"column":34}},"4":{"start":{"line":14,"column":23},"end":{"line":22,"column":3}},"5":{"start":{"line":15,"column":4},"end":{"line":19,"column":7}},"6":{"start":{"line":20,"column":4},"end":{"line":20,"column":36}},"7":{"start":{"line":21,"column":4},"end":{"line":21,"column":41}},"8":{"start":{"line":23,"column":2},"end":{"line":137,"column":4}},"9":{"start":{"line":64,"column":20},"end":{"line":71,"column":25}}},"fnMap":{"0":{"name":"(anonymous_0)","decl":{"start":{"line":10,"column":15},"end":{"line":10,"column":16}},"loc":{"start":{"line":10,"column":21},"end":{"line":138,"column":1}},"line":10},"1":{"name":"(anonymous_1)","decl":{"start":{"line":14,"column":23},"end":{"line":14,"column":24}},"loc":{"start":{"line":14,"column":29},"end":{"line":22,"column":3}},"line":14},"2":{"name":"(anonymous_2)","decl":{"start":{"line":63,"column":35},"end":{"line":63,"column":36}},"loc":{"start":{"line":64,"column":20},"end":{"line":71,"column":25}},"line":64}},"branchMap":{"0":{"loc":{"start":{"line":76,"column":15},"end":{"line":124,"column":15}},"type":"cond-expr","locations":[{"start":{"line":77,"column":16},"end":{"line":88,"column":19}},{"start":{"line":90,"column":16},"end":{"line":123,"column":19}}],"line":76},"1":{"loc":{"start":{"line":105,"column":28},"end":{"line":105,"column":69}},"type":"cond-expr","locations":[{"start":{"line":105,"column":53},"end":{"line":105,"column":60}},{"start":{"line":105,"column":63},"end":{"line":105,"column":69}}],"line":105}},"s":{"0":1,"1":89,"2":89,"3":89,"4":89,"5":0,"6":0,"7":0,"8":89,"9":89},"f":{"0":89,"1":0,"2":89},"b":{"0":[89,0],"1":[0,0]},"_coverageSchema":"1a1c01bbd47fc00a2c39e90264f33305004495a9","hash":"2e2bddab810c5433647247a1063b225591aecb1d"}
,"/Users/nicolelim/Desktop/cs4218-2420-ecom-project-team38/client/src/components/Layout.js": {"path":"/Users/nicolelim/Desktop/cs4218-2420-ecom-project-team38/client/src/components/Layout.js","statementMap":{"0":{"start":{"line":8,"column":15},"end":{"line":26,"column":1}},"1":{"start":{"line":9,"column":2},"end":{"line":25,"column":4}},"2":{"start":{"line":28,"column":0},"end":{"line":33,"column":2}}},"fnMap":{"0":{"name":"(anonymous_0)","decl":{"start":{"line":8,"column":15},"end":{"line":8,"column":16}},"loc":{"start":{"line":8,"column":71},"end":{"line":26,"column":1}},"line":8}},"branchMap":{},"s":{"0":1,"1":89,"2":1},"f":{"0":89},"b":{},"_coverageSchema":"1a1c01bbd47fc00a2c39e90264f33305004495a9","hash":"1e0327979e25705afabfad8ca01ca80ce60ab23b"}
,"/Users/nicolelim/Desktop/cs4218-2420-ecom-project-team38/client/src/components/Form/CategoryForm.js": {"path":"/Users/nicolelim/Desktop/cs4218-2420-ecom-project-team38/client/src/components/Form/CategoryForm.js","statementMap":{"0":{"start":{"line":3,"column":21},"end":{"line":21,"column":1}},"1":{"start":{"line":4,"column":2},"end":{"line":20,"column":4}},"2":{"start":{"line":12,"column":27},"end":{"line":12,"column":51}}},"fnMap":{"0":{"name":"(anonymous_0)","decl":{"start":{"line":3,"column":21},"end":{"line":3,"column":22}},"loc":{"start":{"line":3,"column":60},"end":{"line":21,"column":1}},"line":3},"1":{"name":"(anonymous_1)","decl":{"start":{"line":12,"column":20},"end":{"line":12,"column":21}},"loc":{"start":{"line":12,"column":27},"end":{"line":12,"column":51}},"line":12}},"branchMap":{},"s":{"0":1,"1":97,"2":47},"f":{"0":97,"1":47},"b":{},"_coverageSchema":"1a1c01bbd47fc00a2c39e90264f33305004495a9","hash":"15132acb45d33dc2482bbcb349024650df8e0b5b"}
,"/Users/nicolelim/Desktop/cs4218-2420-ecom-project-team38/client/src/components/Form/SearchInput.js": {"path":"/Users/nicolelim/Desktop/cs4218-2420-ecom-project-team38/client/src/components/Form/SearchInput.js","statementMap":{"0":{"start":{"line":5,"column":20},"end":{"line":38,"column":1}},"1":{"start":{"line":6,"column":30},"end":{"line":6,"column":41}},"2":{"start":{"line":7,"column":19},"end":{"line":7,"column":32}},"3":{"start":{"line":9,"column":23},"end":{"line":20,"column":3}},"4":{"start":{"line":10,"column":4},"end":{"line":10,"column":23}},"5":{"start":{"line":11,"column":4},"end":{"line":19,"column":5}},"6":{"start":{"line":12,"column":23},"end":{"line":14,"column":7}},"7":{"start":{"line":15,"column":6},"end":{"line":15,"column":46}},"8":{"start":{"line":16,"column":6},"end":{"line":16,"column":26}},"9":{"start":{"line":18,"column":6},"end":{"line":18,"column":25}},"10":{"start":{"line":21,"column":2},"end":{"line":37,"column":4}},"11":{"start":{"line":30,"column":27},"end":{"line":30,"column":76}}},"fnMap":{"0":{"name":"(anonymous_0)","decl":{"start":{"line":5,"column":20},"end":{"line":5,"column":21}},"loc":{"start":{"line":5,"column":26},"end":{"line":38,"column":1}},"line":5},"1":{"name":"(anonymous_1)","decl":{"start":{"line":9,"column":23},"end":{"line":9,"column":24}},"loc":{"start":{"line":9,"column":36},"end":{"line":20,"column":3}},"line":9},"2":{"name":"(anonymous_2)","decl":{"start":{"line":30,"column":20},"end":{"line":30,"column":21}},"loc":{"start":{"line":30,"column":27},"end":{"line":30,"column":76}},"line":30}},"branchMap":{},"s":{"0":1,"1":89,"2":89,"3":89,"4":0,"5":0,"6":0,"7":0,"8":0,"9":0,"10":89,"11":0},"f":{"0":89,"1":0,"2":0},"b":{},"_coverageSchema":"1a1c01bbd47fc00a2c39e90264f33305004495a9","hash":"7cb988f7f100ff648223ed5ffa0ba6fdb1b75017"}
,"/Users/nicolelim/Desktop/cs4218-2420-ecom-project-team38/client/src/pages/admin/CreateCategory.js": {"path":"/Users/nicolelim/Desktop/cs4218-2420-ecom-project-team38/client/src/pages/admin/CreateCategory.js","statementMap":{"0":{"start":{"line":8,"column":23},"end":{"line":157,"column":1}},"1":{"start":{"line":9,"column":38},"end":{"line":9,"column":50}},"2":{"start":{"line":10,"column":26},"end":{"line":10,"column":38}},"3":{"start":{"line":11,"column":32},"end":{"line":11,"column":47}},"4":{"start":{"line":12,"column":34},"end":{"line":12,"column":48}},"5":{"start":{"line":13,"column":40},"end":{"line":13,"column":52}},"6":{"start":{"line":15,"column":23},"end":{"line":31,"column":3}},"7":{"start":{"line":16,"column":4},"end":{"line":16,"column":23}},"8":{"start":{"line":17,"column":4},"end":{"line":30,"column":5}},"9":{"start":{"line":18,"column":23},"end":{"line":20,"column":8}},"10":{"start":{"line":21,"column":6},"end":{"line":26,"column":7}},"11":{"start":{"line":22,"column":8},"end":{"line":22,"column":44}},"12":{"start":{"line":23,"column":8},"end":{"line":23,"column":25}},"13":{"start":{"line":25,"column":8},"end":{"line":25,"column":34}},"14":{"start":{"line":28,"column":6},"end":{"line":28,"column":25}},"15":{"start":{"line":29,"column":6},"end":{"line":29,"column":55}},"16":{"start":{"line":34,"column":25},"end":{"line":44,"column":3}},"17":{"start":{"line":35,"column":4},"end":{"line":43,"column":5}},"18":{"start":{"line":36,"column":23},"end":{"line":36,"column":71}},"19":{"start":{"line":37,"column":6},"end":{"line":39,"column":7}},"20":{"start":{"line":38,"column":8},"end":{"line":38,"column":37}},"21":{"start":{"line":41,"column":6},"end":{"line":41,"column":25}},"22":{"start":{"line":42,"column":6},"end":{"line":42,"column":62}},"23":{"start":{"line":46,"column":2},"end":{"line":48,"column":9}},"24":{"start":{"line":47,"column":4},"end":{"line":47,"column":21}},"25":{"start":{"line":51,"column":23},"end":{"line":70,"column":3}},"26":{"start":{"line":52,"column":4},"end":{"line":52,"column":23}},"27":{"start":{"line":53,"column":4},"end":{"line":69,"column":5}},"28":{"start":{"line":54,"column":23},"end":{"line":57,"column":7}},"29":{"start":{"line":58,"column":6},"end":{"line":66,"column":7}},"30":{"start":{"line":59,"column":8},"end":{"line":59,"column":51}},"31":{"start":{"line":60,"column":8},"end":{"line":60,"column":26}},"32":{"start":{"line":61,"column":8},"end":{"line":61,"column":27}},"33":{"start":{"line":62,"column":8},"end":{"line":62,"column":26}},"34":{"start":{"line":63,"column":8},"end":{"line":63,"column":25}},"35":{"start":{"line":65,"column":8},"end":{"line":65,"column":34}},"36":{"start":{"line":68,"column":6},"end":{"line":68,"column":42}},"37":{"start":{"line":72,"column":23},"end":{"line":87,"column":3}},"38":{"start":{"line":73,"column":4},"end":{"line":86,"column":5}},"39":{"start":{"line":74,"column":23},"end":{"line":76,"column":7}},"40":{"start":{"line":77,"column":6},"end":{"line":83,"column":7}},"41":{"start":{"line":78,"column":8},"end":{"line":78,"column":45}},"42":{"start":{"line":80,"column":8},"end":{"line":80,"column":25}},"43":{"start":{"line":82,"column":8},"end":{"line":82,"column":34}},"44":{"start":{"line":85,"column":6},"end":{"line":85,"column":42}},"45":{"start":{"line":88,"column":2},"end":{"line":156,"column":4}},"46":{"start":{"line":114,"column":20},"end":{"line":136,"column":25}},"47":{"start":{"line":120,"column":28},"end":{"line":120,"column":45}},"48":{"start":{"line":121,"column":28},"end":{"line":121,"column":51}},"49":{"start":{"line":122,"column":28},"end":{"line":122,"column":43}},"50":{"start":{"line":130,"column":28},"end":{"line":130,"column":48}},"51":{"start":{"line":142,"column":30},"end":{"line":142,"column":47}}},"fnMap":{"0":{"name":"(anonymous_0)","decl":{"start":{"line":8,"column":23},"end":{"line":8,"column":24}},"loc":{"start":{"line":8,"column":29},"end":{"line":157,"column":1}},"line":8},"1":{"name":"(anonymous_1)","decl":{"start":{"line":15,"column":23},"end":{"line":15,"column":24}},"loc":{"start":{"line":15,"column":36},"end":{"line":31,"column":3}},"line":15},"2":{"name":"(anonymous_2)","decl":{"start":{"line":34,"column":25},"end":{"line":34,"column":26}},"loc":{"start":{"line":34,"column":37},"end":{"line":44,"column":3}},"line":34},"3":{"name":"(anonymous_3)","decl":{"start":{"line":46,"column":12},"end":{"line":46,"column":13}},"loc":{"start":{"line":46,"column":18},"end":{"line":48,"column":3}},"line":46},"4":{"name":"(anonymous_4)","decl":{"start":{"line":51,"column":23},"end":{"line":51,"column":24}},"loc":{"start":{"line":51,"column":36},"end":{"line":70,"column":3}},"line":51},"5":{"name":"(anonymous_5)","decl":{"start":{"line":72,"column":23},"end":{"line":72,"column":24}},"loc":{"start":{"line":72,"column":38},"end":{"line":87,"column":3}},"line":72},"6":{"name":"(anonymous_6)","decl":{"start":{"line":113,"column":35},"end":{"line":113,"column":36}},"loc":{"start":{"line":114,"column":20},"end":{"line":136,"column":25}},"line":114},"7":{"name":"(anonymous_7)","decl":{"start":{"line":119,"column":35},"end":{"line":119,"column":36}},"loc":{"start":{"line":119,"column":41},"end":{"line":123,"column":27}},"line":119},"8":{"name":"(anonymous_8)","decl":{"start":{"line":129,"column":35},"end":{"line":129,"column":36}},"loc":{"start":{"line":129,"column":41},"end":{"line":131,"column":27}},"line":129},"9":{"name":"(anonymous_9)","decl":{"start":{"line":142,"column":24},"end":{"line":142,"column":25}},"loc":{"start":{"line":142,"column":30},"end":{"line":142,"column":47}},"line":142}},"branchMap":{"0":{"loc":{"start":{"line":21,"column":6},"end":{"line":26,"column":7}},"type":"if","locations":[{"start":{"line":21,"column":6},"end":{"line":26,"column":7}},{"start":{"line":24,"column":13},"end":{"line":26,"column":7}}],"line":21},"1":{"loc":{"start":{"line":37,"column":6},"end":{"line":39,"column":7}},"type":"if","locations":[{"start":{"line":37,"column":6},"end":{"line":39,"column":7}},{"start":{},"end":{}}],"line":37},"2":{"loc":{"start":{"line":58,"column":6},"end":{"line":66,"column":7}},"type":"if","locations":[{"start":{"line":58,"column":6},"end":{"line":66,"column":7}},{"start":{"line":64,"column":13},"end":{"line":66,"column":7}}],"line":58},"3":{"loc":{"start":{"line":77,"column":6},"end":{"line":83,"column":7}},"type":"if","locations":[{"start":{"line":77,"column":6},"end":{"line":83,"column":7}},{"start":{"line":81,"column":13},"end":{"line":83,"column":7}}],"line":77}},"s":{"0":1,"1":89,"2":89,"3":89,"4":89,"5":89,"6":89,"7":4,"8":4,"9":4,"10":3,"11":2,"12":2,"13":1,"14":1,"15":1,"16":89,"17":22,"18":22,"19":21,"20":21,"21":1,"22":1,"23":89,"24":16,"25":89,"26":4,"27":4,"28":4,"29":3,"30":2,"31":2,"32":2,"33":2,"34":2,"35":1,"36":1,"37":89,"38":4,"39":4,"40":3,"41":2,"42":2,"43":1,"44":1,"45":89,"46":73,"47":5,"48":5,"49":5,"50":4,"51":0},"f":{"0":89,"1":4,"2":22,"3":16,"4":4,"5":4,"6":73,"7":5,"8":4,"9":0},"b":{"0":[2,1],"1":[21,0],"2":[2,1],"3":[2,1]},"_coverageSchema":"1a1c01bbd47fc00a2c39e90264f33305004495a9","hash":"ab136fce0fd484ed4366e2d44cbd45fd5f748c69"}
}
