{"/Users/nicolelim/Desktop/cs4218-2420-ecom-project-team38/client/src/components/Footer.js": {"path":"/Users/nicolelim/Desktop/cs4218-2420-ecom-project-team38/client/src/components/Footer.js","statementMap":{"0":{"start":{"line":4,"column":15},"end":{"line":14,"column":1}},"1":{"start":{"line":5,"column":2},"end":{"line":13,"column":4}}},"fnMap":{"0":{"name":"(anonymous_0)","decl":{"start":{"line":4,"column":15},"end":{"line":4,"column":16}},"loc":{"start":{"line":4,"column":21},"end":{"line":14,"column":1}},"line":4}},"branchMap":{},"s":{"0":3,"1":38},"f":{"0":38},"b":{},"_coverageSchema":"1a1c01bbd47fc00a2c39e90264f33305004495a9","hash":"6a17e5cacd148fcfa732f879161997ee6cc3d06f"}
,"/Users/nicolelim/Desktop/cs4218-2420-ecom-project-team38/client/src/components/Header.js": {"path":"/Users/nicolelim/Desktop/cs4218-2420-ecom-project-team38/client/src/components/Header.js","statementMap":{"0":{"start":{"line":10,"column":15},"end":{"line":138,"column":1}},"1":{"start":{"line":11,"column":26},"end":{"line":11,"column":35}},"2":{"start":{"line":12,"column":17},"end":{"line":12,"column":26}},"3":{"start":{"line":13,"column":21},"end":{"line":13,"column":34}},"4":{"start":{"line":14,"column":23},"end":{"line":22,"column":3}},"5":{"start":{"line":15,"column":4},"end":{"line":19,"column":7}},"6":{"start":{"line":20,"column":4},"end":{"line":20,"column":36}},"7":{"start":{"line":21,"column":4},"end":{"line":21,"column":41}},"8":{"start":{"line":23,"column":2},"end":{"line":137,"column":4}},"9":{"start":{"line":64,"column":20},"end":{"line":71,"column":25}}},"fnMap":{"0":{"name":"(anonymous_0)","decl":{"start":{"line":10,"column":15},"end":{"line":10,"column":16}},"loc":{"start":{"line":10,"column":21},"end":{"line":138,"column":1}},"line":10},"1":{"name":"(anonymous_1)","decl":{"start":{"line":14,"column":23},"end":{"line":14,"column":24}},"loc":{"start":{"line":14,"column":29},"end":{"line":22,"column":3}},"line":14},"2":{"name":"(anonymous_2)","decl":{"start":{"line":63,"column":35},"end":{"line":63,"column":36}},"loc":{"start":{"line":64,"column":20},"end":{"line":71,"column":25}},"line":64}},"branchMap":{"0":{"loc":{"start":{"line":76,"column":15},"end":{"line":124,"column":15}},"type":"cond-expr","locations":[{"start":{"line":77,"column":16},"end":{"line":88,"column":19}},{"start":{"line":90,"column":16},"end":{"line":123,"column":19}}],"line":76},"1":{"loc":{"start":{"line":105,"column":28},"end":{"line":105,"column":69}},"type":"cond-expr","locations":[{"start":{"line":105,"column":53},"end":{"line":105,"column":60}},{"start":{"line":105,"column":63},"end":{"line":105,"column":69}}],"line":105}},"s":{"0":3,"1":38,"2":38,"3":38,"4":38,"5":0,"6":0,"7":0,"8":38,"9":11},"f":{"0":38,"1":0,"2":11},"b":{"0":[38,0],"1":[0,0]},"_coverageSchema":"1a1c01bbd47fc00a2c39e90264f33305004495a9","hash":"2e2bddab810c5433647247a1063b225591aecb1d"}
,"/Users/nicolelim/Desktop/cs4218-2420-ecom-project-team38/client/src/components/Layout.js": {"path":"/Users/nicolelim/Desktop/cs4218-2420-ecom-project-team38/client/src/components/Layout.js","statementMap":{"0":{"start":{"line":8,"column":15},"end":{"line":26,"column":1}},"1":{"start":{"line":9,"column":2},"end":{"line":25,"column":4}},"2":{"start":{"line":28,"column":0},"end":{"line":33,"column":2}}},"fnMap":{"0":{"name":"(anonymous_0)","decl":{"start":{"line":8,"column":15},"end":{"line":8,"column":16}},"loc":{"start":{"line":8,"column":71},"end":{"line":26,"column":1}},"line":8}},"branchMap":{},"s":{"0":3,"1":38,"2":3},"f":{"0":38},"b":{},"_coverageSchema":"1a1c01bbd47fc00a2c39e90264f33305004495a9","hash":"1e0327979e25705afabfad8ca01ca80ce60ab23b"}
,"/Users/nicolelim/Desktop/cs4218-2420-ecom-project-team38/client/src/components/Form/SearchInput.js": {"path":"/Users/nicolelim/Desktop/cs4218-2420-ecom-project-team38/client/src/components/Form/SearchInput.js","statementMap":{"0":{"start":{"line":5,"column":20},"end":{"line":38,"column":1}},"1":{"start":{"line":6,"column":30},"end":{"line":6,"column":41}},"2":{"start":{"line":7,"column":19},"end":{"line":7,"column":32}},"3":{"start":{"line":9,"column":23},"end":{"line":20,"column":3}},"4":{"start":{"line":10,"column":4},"end":{"line":10,"column":23}},"5":{"start":{"line":11,"column":4},"end":{"line":19,"column":5}},"6":{"start":{"line":12,"column":23},"end":{"line":14,"column":7}},"7":{"start":{"line":15,"column":6},"end":{"line":15,"column":46}},"8":{"start":{"line":16,"column":6},"end":{"line":16,"column":26}},"9":{"start":{"line":18,"column":6},"end":{"line":18,"column":25}},"10":{"start":{"line":21,"column":2},"end":{"line":37,"column":4}},"11":{"start":{"line":30,"column":27},"end":{"line":30,"column":76}}},"fnMap":{"0":{"name":"(anonymous_0)","decl":{"start":{"line":5,"column":20},"end":{"line":5,"column":21}},"loc":{"start":{"line":5,"column":26},"end":{"line":38,"column":1}},"line":5},"1":{"name":"(anonymous_1)","decl":{"start":{"line":9,"column":23},"end":{"line":9,"column":24}},"loc":{"start":{"line":9,"column":36},"end":{"line":20,"column":3}},"line":9},"2":{"name":"(anonymous_2)","decl":{"start":{"line":30,"column":20},"end":{"line":30,"column":21}},"loc":{"start":{"line":30,"column":27},"end":{"line":30,"column":76}},"line":30}},"branchMap":{},"s":{"0":4,"1":44,"2":44,"3":44,"4":4,"5":4,"6":4,"7":2,"8":2,"9":2,"10":44,"11":4},"f":{"0":44,"1":4,"2":4},"b":{},"_coverageSchema":"1a1c01bbd47fc00a2c39e90264f33305004495a9","hash":"7cb988f7f100ff648223ed5ffa0ba6fdb1b75017"}
,"/Users/nicolelim/Desktop/cs4218-2420-ecom-project-team38/client/src/hooks/useCategory.js": {"path":"/Users/nicolelim/Desktop/cs4218-2420-ecom-project-team38/client/src/hooks/useCategory.js","statementMap":{"0":{"start":{"line":5,"column":38},"end":{"line":5,"column":50}},"1":{"start":{"line":8,"column":24},"end":{"line":15,"column":3}},"2":{"start":{"line":9,"column":4},"end":{"line":14,"column":5}},"3":{"start":{"line":10,"column":23},"end":{"line":10,"column":71}},"4":{"start":{"line":11,"column":6},"end":{"line":11,"column":36}},"5":{"start":{"line":13,"column":6},"end":{"line":13,"column":25}},"6":{"start":{"line":17,"column":2},"end":{"line":19,"column":9}},"7":{"start":{"line":18,"column":4},"end":{"line":18,"column":20}},"8":{"start":{"line":21,"column":2},"end":{"line":21,"column":20}}},"fnMap":{"0":{"name":"useCategory","decl":{"start":{"line":4,"column":24},"end":{"line":4,"column":35}},"loc":{"start":{"line":4,"column":38},"end":{"line":22,"column":1}},"line":4},"1":{"name":"(anonymous_1)","decl":{"start":{"line":8,"column":24},"end":{"line":8,"column":25}},"loc":{"start":{"line":8,"column":36},"end":{"line":15,"column":3}},"line":8},"2":{"name":"(anonymous_2)","decl":{"start":{"line":17,"column":12},"end":{"line":17,"column":13}},"loc":{"start":{"line":17,"column":18},"end":{"line":19,"column":3}},"line":17}},"branchMap":{},"s":{"0":27,"1":27,"2":7,"3":7,"4":0,"5":7,"6":27,"7":7,"8":27},"f":{"0":27,"1":7,"2":7},"b":{},"_coverageSchema":"1a1c01bbd47fc00a2c39e90264f33305004495a9","hash":"c0e73adb90b9f19db909a37eb9ab6a8c4343a710"}
,"/Users/nicolelim/Desktop/cs4218-2420-ecom-project-team38/client/src/pages/Search.js": {"path":"/Users/nicolelim/Desktop/cs4218-2420-ecom-project-team38/client/src/pages/Search.js","statementMap":{"0":{"start":{"line":8,"column":15},"end":{"line":71,"column":1}},"1":{"start":{"line":9,"column":31},"end":{"line":9,"column":42}},"2":{"start":{"line":10,"column":26},"end":{"line":10,"column":35}},"3":{"start":{"line":11,"column":19},"end":{"line":11,"column":32}},"4":{"start":{"line":13,"column":2},"end":{"line":70,"column":4}},"5":{"start":{"line":25,"column":14},"end":{"line":64,"column":20}},"6":{"start":{"line":46,"column":35},"end":{"line":46,"column":65}},"7":{"start":{"line":53,"column":22},"end":{"line":53,"column":44}},"8":{"start":{"line":54,"column":22},"end":{"line":57,"column":24}},"9":{"start":{"line":58,"column":22},"end":{"line":58,"column":58}}},"fnMap":{"0":{"name":"(anonymous_0)","decl":{"start":{"line":8,"column":15},"end":{"line":8,"column":16}},"loc":{"start":{"line":8,"column":21},"end":{"line":71,"column":1}},"line":8},"1":{"name":"(anonymous_1)","decl":{"start":{"line":24,"column":33},"end":{"line":24,"column":34}},"loc":{"start":{"line":25,"column":14},"end":{"line":64,"column":20}},"line":25},"2":{"name":"(anonymous_2)","decl":{"start":{"line":46,"column":29},"end":{"line":46,"column":30}},"loc":{"start":{"line":46,"column":35},"end":{"line":46,"column":65}},"line":46},"3":{"name":"(anonymous_3)","decl":{"start":{"line":52,"column":29},"end":{"line":52,"column":30}},"loc":{"start":{"line":52,"column":35},"end":{"line":59,"column":21}},"line":52}},"branchMap":{"0":{"loc":{"start":{"line":19,"column":13},"end":{"line":21,"column":49}},"type":"cond-expr","locations":[{"start":{"line":20,"column":16},"end":{"line":20,"column":35}},{"start":{"line":21,"column":16},"end":{"line":21,"column":49}}],"line":19},"1":{"loc":{"start":{"line":39,"column":21},"end":{"line":41,"column":62}},"type":"cond-expr","locations":[{"start":{"line":40,"column":24},"end":{"line":40,"column":37}},{"start":{"line":41,"column":24},"end":{"line":41,"column":62}}],"line":39}},"s":{"0":1,"1":11,"2":11,"3":11,"4":11,"5":11,"6":1,"7":1,"8":1,"9":1},"f":{"0":11,"1":11,"2":1,"3":1},"b":{"0":[2,9],"1":[3,8]},"_coverageSchema":"1a1c01bbd47fc00a2c39e90264f33305004495a9","hash":"d6271ff641266feb7e7d26863ded2acd3fdeadfe"}
,"/Users/nicolelim/Desktop/cs4218-2420-ecom-project-team38/client/src/pages/Auth/Login.js": {"path":"/Users/nicolelim/Desktop/cs4218-2420-ecom-project-team38/client/src/pages/Auth/Login.js","statementMap":{"0":{"start":{"line":9,"column":14},"end":{"line":99,"column":1}},"1":{"start":{"line":10,"column":28},"end":{"line":10,"column":40}},"2":{"start":{"line":11,"column":34},"end":{"line":11,"column":46}},"3":{"start":{"line":12,"column":26},"end":{"line":12,"column":35}},"4":{"start":{"line":15,"column":19},"end":{"line":15,"column":32}},"5":{"start":{"line":16,"column":19},"end":{"line":16,"column":32}},"6":{"start":{"line":20,"column":23},"end":{"line":50,"column":3}},"7":{"start":{"line":21,"column":4},"end":{"line":21,"column":23}},"8":{"start":{"line":22,"column":4},"end":{"line":49,"column":5}},"9":{"start":{"line":23,"column":18},"end":{"line":26,"column":8}},"10":{"start":{"line":27,"column":6},"end":{"line":45,"column":7}},"11":{"start":{"line":28,"column":8},"end":{"line":35,"column":13}},"12":{"start":{"line":36,"column":8},"end":{"line":40,"column":11}},"13":{"start":{"line":41,"column":8},"end":{"line":41,"column":63}},"14":{"start":{"line":42,"column":8},"end":{"line":42,"column":40}},"15":{"start":{"line":44,"column":8},"end":{"line":44,"column":38}},"16":{"start":{"line":47,"column":6},"end":{"line":47,"column":25}},"17":{"start":{"line":48,"column":6},"end":{"line":48,"column":42}},"18":{"start":{"line":51,"column":2},"end":{"line":98,"column":4}},"19":{"start":{"line":62,"column":31},"end":{"line":62,"column":55}},"20":{"start":{"line":73,"column":31},"end":{"line":73,"column":58}},"21":{"start":{"line":85,"column":16},"end":{"line":85,"column":45}}},"fnMap":{"0":{"name":"(anonymous_0)","decl":{"start":{"line":9,"column":14},"end":{"line":9,"column":15}},"loc":{"start":{"line":9,"column":20},"end":{"line":99,"column":1}},"line":9},"1":{"name":"(anonymous_1)","decl":{"start":{"line":20,"column":23},"end":{"line":20,"column":24}},"loc":{"start":{"line":20,"column":36},"end":{"line":50,"column":3}},"line":20},"2":{"name":"(anonymous_2)","decl":{"start":{"line":62,"column":24},"end":{"line":62,"column":25}},"loc":{"start":{"line":62,"column":31},"end":{"line":62,"column":55}},"line":62},"3":{"name":"(anonymous_3)","decl":{"start":{"line":73,"column":24},"end":{"line":73,"column":25}},"loc":{"start":{"line":73,"column":31},"end":{"line":73,"column":58}},"line":73},"4":{"name":"(anonymous_4)","decl":{"start":{"line":84,"column":23},"end":{"line":84,"column":24}},"loc":{"start":{"line":84,"column":29},"end":{"line":86,"column":15}},"line":84}},"branchMap":{"0":{"loc":{"start":{"line":27,"column":6},"end":{"line":45,"column":7}},"type":"if","locations":[{"start":{"line":27,"column":6},"end":{"line":45,"column":7}},{"start":{"line":43,"column":13},"end":{"line":45,"column":7}}],"line":27},"1":{"loc":{"start":{"line":27,"column":10},"end":{"line":27,"column":33}},"type":"binary-expr","locations":[{"start":{"line":27,"column":10},"end":{"line":27,"column":13}},{"start":{"line":27,"column":17},"end":{"line":27,"column":33}}],"line":27},"2":{"loc":{"start":{"line":28,"column":22},"end":{"line":28,"column":50}},"type":"binary-expr","locations":[{"start":{"line":28,"column":22},"end":{"line":28,"column":30}},{"start":{"line":28,"column":34},"end":{"line":28,"column":50}}],"line":28},"3":{"loc":{"start":{"line":42,"column":17},"end":{"line":42,"column":38}},"type":"binary-expr","locations":[{"start":{"line":42,"column":17},"end":{"line":42,"column":31}},{"start":{"line":42,"column":35},"end":{"line":42,"column":38}}],"line":42}},"s":{"0":1,"1":11,"2":11,"3":11,"4":11,"5":11,"6":11,"7":2,"8":2,"9":2,"10":1,"11":1,"12":1,"13":1,"14":1,"15":0,"16":1,"17":1,"18":11,"19":3,"20":3,"21":0},"f":{"0":11,"1":2,"2":3,"3":3,"4":0},"b":{"0":[1,0],"1":[1,1],"2":[1,1],"3":[1,1]},"_coverageSchema":"1a1c01bbd47fc00a2c39e90264f33305004495a9","hash":"f0959a625c00d9ba649a617cd3af006f1c36ff06"}
,"/Users/nicolelim/Desktop/cs4218-2420-ecom-project-team38/client/src/pages/Auth/Register.js": {"path":"/Users/nicolelim/Desktop/cs4218-2420-ecom-project-team38/client/src/pages/Auth/Register.js","statementMap":{"0":{"start":{"line":7,"column":17},"end":{"line":132,"column":1}},"1":{"start":{"line":8,"column":26},"end":{"line":8,"column":38}},"2":{"start":{"line":9,"column":28},"end":{"line":9,"column":40}},"3":{"start":{"line":10,"column":34},"end":{"line":10,"column":46}},"4":{"start":{"line":11,"column":28},"end":{"line":11,"column":40}},"5":{"start":{"line":12,"column":32},"end":{"line":12,"column":44}},"6":{"start":{"line":13,"column":24},"end":{"line":13,"column":36}},"7":{"start":{"line":14,"column":30},"end":{"line":14,"column":42}},"8":{"start":{"line":15,"column":19},"end":{"line":15,"column":32}},"9":{"start":{"line":18,"column":23},"end":{"line":40,"column":3}},"10":{"start":{"line":19,"column":4},"end":{"line":19,"column":23}},"11":{"start":{"line":20,"column":4},"end":{"line":39,"column":5}},"12":{"start":{"line":21,"column":18},"end":{"line":29,"column":8}},"13":{"start":{"line":30,"column":6},"end":{"line":35,"column":7}},"14":{"start":{"line":31,"column":8},"end":{"line":31,"column":61}},"15":{"start":{"line":32,"column":8},"end":{"line":32,"column":27}},"16":{"start":{"line":34,"column":8},"end":{"line":34,"column":38}},"17":{"start":{"line":37,"column":6},"end":{"line":37,"column":25}},"18":{"start":{"line":38,"column":6},"end":{"line":38,"column":42}},"19":{"start":{"line":42,"column":2},"end":{"line":131,"column":4}},"20":{"start":{"line":51,"column":31},"end":{"line":51,"column":54}},"21":{"start":{"line":63,"column":31},"end":{"line":63,"column":55}},"22":{"start":{"line":74,"column":31},"end":{"line":74,"column":58}},"23":{"start":{"line":85,"column":31},"end":{"line":85,"column":55}},"24":{"start":{"line":96,"column":31},"end":{"line":96,"column":57}},"25":{"start":{"line":107,"column":31},"end":{"line":107,"column":53}},"26":{"start":{"line":118,"column":31},"end":{"line":118,"column":56}}},"fnMap":{"0":{"name":"(anonymous_0)","decl":{"start":{"line":7,"column":17},"end":{"line":7,"column":18}},"loc":{"start":{"line":7,"column":23},"end":{"line":132,"column":1}},"line":7},"1":{"name":"(anonymous_1)","decl":{"start":{"line":18,"column":23},"end":{"line":18,"column":24}},"loc":{"start":{"line":18,"column":36},"end":{"line":40,"column":3}},"line":18},"2":{"name":"(anonymous_2)","decl":{"start":{"line":51,"column":24},"end":{"line":51,"column":25}},"loc":{"start":{"line":51,"column":31},"end":{"line":51,"column":54}},"line":51},"3":{"name":"(anonymous_3)","decl":{"start":{"line":63,"column":24},"end":{"line":63,"column":25}},"loc":{"start":{"line":63,"column":31},"end":{"line":63,"column":55}},"line":63},"4":{"name":"(anonymous_4)","decl":{"start":{"line":74,"column":24},"end":{"line":74,"column":25}},"loc":{"start":{"line":74,"column":31},"end":{"line":74,"column":58}},"line":74},"5":{"name":"(anonymous_5)","decl":{"start":{"line":85,"column":24},"end":{"line":85,"column":25}},"loc":{"start":{"line":85,"column":31},"end":{"line":85,"column":55}},"line":85},"6":{"name":"(anonymous_6)","decl":{"start":{"line":96,"column":24},"end":{"line":96,"column":25}},"loc":{"start":{"line":96,"column":31},"end":{"line":96,"column":57}},"line":96},"7":{"name":"(anonymous_7)","decl":{"start":{"line":107,"column":24},"end":{"line":107,"column":25}},"loc":{"start":{"line":107,"column":31},"end":{"line":107,"column":53}},"line":107},"8":{"name":"(anonymous_8)","decl":{"start":{"line":118,"column":24},"end":{"line":118,"column":25}},"loc":{"start":{"line":118,"column":31},"end":{"line":118,"column":56}},"line":118}},"branchMap":{"0":{"loc":{"start":{"line":30,"column":6},"end":{"line":35,"column":7}},"type":"if","locations":[{"start":{"line":30,"column":6},"end":{"line":35,"column":7}},{"start":{"line":33,"column":13},"end":{"line":35,"column":7}}],"line":30},"1":{"loc":{"start":{"line":30,"column":10},"end":{"line":30,"column":33}},"type":"binary-expr","locations":[{"start":{"line":30,"column":10},"end":{"line":30,"column":13}},{"start":{"line":30,"column":17},"end":{"line":30,"column":33}}],"line":30}},"s":{"0":1,"1":16,"2":16,"3":16,"4":16,"5":16,"6":16,"7":16,"8":16,"9":16,"10":2,"11":2,"12":2,"13":1,"14":1,"15":1,"16":0,"17":1,"18":1,"19":16,"20":2,"21":2,"22":2,"23":2,"24":2,"25":2,"26":2},"f":{"0":16,"1":2,"2":2,"3":2,"4":2,"5":2,"6":2,"7":2,"8":2},"b":{"0":[1,0],"1":[1,1]},"_coverageSchema":"1a1c01bbd47fc00a2c39e90264f33305004495a9","hash":"7d6c158511b3aa02166642f15285646b7036042a"}
,"/Users/nicolelim/Desktop/cs4218-2420-ecom-project-team38/controllers/productController.js": {"path":"/Users/nicolelim/Desktop/cs4218-2420-ecom-project-team38/controllers/productController.js","statementMap":{"0":{"start":{"line":10,"column":0},"end":{"line":10,"column":16}},"1":{"start":{"line":13,"column":14},"end":{"line":18,"column":2}},"2":{"start":{"line":20,"column":39},"end":{"line":62,"column":1}},"3":{"start":{"line":21,"column":2},"end":{"line":61,"column":3}},"4":{"start":{"line":23,"column":6},"end":{"line":23,"column":16}},"5":{"start":{"line":24,"column":22},"end":{"line":24,"column":31}},"6":{"start":{"line":26,"column":4},"end":{"line":41,"column":5}},"7":{"start":{"line":28,"column":8},"end":{"line":28,"column":67}},"8":{"start":{"line":30,"column":8},"end":{"line":30,"column":74}},"9":{"start":{"line":32,"column":8},"end":{"line":32,"column":68}},"10":{"start":{"line":34,"column":8},"end":{"line":34,"column":71}},"11":{"start":{"line":36,"column":8},"end":{"line":36,"column":71}},"12":{"start":{"line":38,"column":8},"end":{"line":40,"column":76}},"13":{"start":{"line":43,"column":21},"end":{"line":43,"column":77}},"14":{"start":{"line":44,"column":4},"end":{"line":47,"column":5}},"15":{"start":{"line":45,"column":6},"end":{"line":45,"column":56}},"16":{"start":{"line":46,"column":6},"end":{"line":46,"column":46}},"17":{"start":{"line":48,"column":4},"end":{"line":48,"column":26}},"18":{"start":{"line":49,"column":4},"end":{"line":53,"column":7}},"19":{"start":{"line":55,"column":4},"end":{"line":55,"column":23}},"20":{"start":{"line":56,"column":4},"end":{"line":60,"column":7}},"21":{"start":{"line":65,"column":36},"end":{"line":87,"column":1}},"22":{"start":{"line":66,"column":2},"end":{"line":86,"column":3}},"23":{"start":{"line":67,"column":21},"end":{"line":72,"column":30}},"24":{"start":{"line":73,"column":4},"end":{"line":78,"column":7}},"25":{"start":{"line":80,"column":4},"end":{"line":80,"column":23}},"26":{"start":{"line":81,"column":4},"end":{"line":85,"column":7}},"27":{"start":{"line":89,"column":42},"end":{"line":108,"column":1}},"28":{"start":{"line":90,"column":2},"end":{"line":107,"column":3}},"29":{"start":{"line":91,"column":20},"end":{"line":94,"column":27}},"30":{"start":{"line":95,"column":4},"end":{"line":99,"column":7}},"31":{"start":{"line":101,"column":4},"end":{"line":101,"column":23}},"32":{"start":{"line":102,"column":4},"end":{"line":106,"column":7}},"33":{"start":{"line":111,"column":38},"end":{"line":126,"column":1}},"34":{"start":{"line":112,"column":2},"end":{"line":125,"column":3}},"35":{"start":{"line":113,"column":20},"end":{"line":113,"column":79}},"36":{"start":{"line":114,"column":4},"end":{"line":117,"column":5}},"37":{"start":{"line":115,"column":6},"end":{"line":115,"column":57}},"38":{"start":{"line":116,"column":6},"end":{"line":116,"column":54}},"39":{"start":{"line":119,"column":4},"end":{"line":119,"column":23}},"40":{"start":{"line":120,"column":4},"end":{"line":124,"column":7}},"41":{"start":{"line":129,"column":39},"end":{"line":144,"column":1}},"42":{"start":{"line":130,"column":2},"end":{"line":143,"column":3}},"43":{"start":{"line":131,"column":4},"end":{"line":131,"column":74}},"44":{"start":{"line":132,"column":4},"end":{"line":135,"column":7}},"45":{"start":{"line":137,"column":4},"end":{"line":137,"column":23}},"46":{"start":{"line":138,"column":4},"end":{"line":142,"column":7}},"47":{"start":{"line":147,"column":39},"end":{"line":193,"column":1}},"48":{"start":{"line":148,"column":2},"end":{"line":192,"column":3}},"49":{"start":{"line":150,"column":6},"end":{"line":150,"column":16}},"50":{"start":{"line":151,"column":22},"end":{"line":151,"column":31}},"51":{"start":{"line":153,"column":4},"end":{"line":168,"column":5}},"52":{"start":{"line":155,"column":8},"end":{"line":155,"column":67}},"53":{"start":{"line":157,"column":8},"end":{"line":157,"column":74}},"54":{"start":{"line":159,"column":8},"end":{"line":159,"column":68}},"55":{"start":{"line":161,"column":8},"end":{"line":161,"column":71}},"56":{"start":{"line":163,"column":8},"end":{"line":163,"column":71}},"57":{"start":{"line":165,"column":8},"end":{"line":167,"column":76}},"58":{"start":{"line":170,"column":21},"end":{"line":174,"column":5}},"59":{"start":{"line":175,"column":4},"end":{"line":178,"column":5}},"60":{"start":{"line":176,"column":6},"end":{"line":176,"column":56}},"61":{"start":{"line":177,"column":6},"end":{"line":177,"column":46}},"62":{"start":{"line":179,"column":4},"end":{"line":179,"column":26}},"63":{"start":{"line":180,"column":4},"end":{"line":184,"column":7}},"64":{"start":{"line":186,"column":4},"end":{"line":186,"column":23}},"65":{"start":{"line":187,"column":4},"end":{"line":191,"column":7}},"66":{"start":{"line":196,"column":40},"end":{"line":215,"column":1}},"67":{"start":{"line":197,"column":2},"end":{"line":214,"column":3}},"68":{"start":{"line":198,"column":31},"end":{"line":198,"column":39}},"69":{"start":{"line":199,"column":15},"end":{"line":199,"column":17}},"70":{"start":{"line":200,"column":4},"end":{"line":200,"column":52}},"71":{"start":{"line":200,"column":28},"end":{"line":200,"column":52}},"72":{"start":{"line":201,"column":4},"end":{"line":201,"column":70}},"73":{"start":{"line":201,"column":22},"end":{"line":201,"column":70}},"74":{"start":{"line":202,"column":21},"end":{"line":202,"column":50}},"75":{"start":{"line":203,"column":4},"end":{"line":206,"column":7}},"76":{"start":{"line":208,"column":4},"end":{"line":208,"column":23}},"77":{"start":{"line":209,"column":4},"end":{"line":213,"column":7}},"78":{"start":{"line":218,"column":38},"end":{"line":233,"column":1}},"79":{"start":{"line":219,"column":2},"end":{"line":232,"column":3}},"80":{"start":{"line":220,"column":18},"end":{"line":220,"column":70}},"81":{"start":{"line":221,"column":4},"end":{"line":224,"column":7}},"82":{"start":{"line":226,"column":4},"end":{"line":226,"column":23}},"83":{"start":{"line":227,"column":4},"end":{"line":231,"column":7}},"84":{"start":{"line":236,"column":37},"end":{"line":258,"column":1}},"85":{"start":{"line":237,"column":2},"end":{"line":257,"column":3}},"86":{"start":{"line":238,"column":20},"end":{"line":238,"column":21}},"87":{"start":{"line":239,"column":17},"end":{"line":239,"column":54}},"88":{"start":{"line":240,"column":21},"end":{"line":245,"column":30}},"89":{"start":{"line":246,"column":4},"end":{"line":249,"column":7}},"90":{"start":{"line":251,"column":4},"end":{"line":251,"column":23}},"91":{"start":{"line":252,"column":4},"end":{"line":256,"column":7}},"92":{"start":{"line":261,"column":39},"end":{"line":285,"column":1}},"93":{"start":{"line":262,"column":2},"end":{"line":284,"column":3}},"94":{"start":{"line":263,"column":24},"end":{"line":263,"column":34}},"95":{"start":{"line":264,"column":29},"end":{"line":267,"column":5}},"96":{"start":{"line":268,"column":20},"end":{"line":275,"column":23}},"97":{"start":{"line":276,"column":4},"end":{"line":276,"column":22}},"98":{"start":{"line":278,"column":4},"end":{"line":278,"column":23}},"99":{"start":{"line":279,"column":4},"end":{"line":283,"column":7}},"100":{"start":{"line":288,"column":40},"end":{"line":311,"column":1}},"101":{"start":{"line":289,"column":2},"end":{"line":310,"column":3}},"102":{"start":{"line":290,"column":25},"end":{"line":290,"column":35}},"103":{"start":{"line":291,"column":21},"end":{"line":298,"column":27}},"104":{"start":{"line":299,"column":4},"end":{"line":302,"column":7}},"105":{"start":{"line":304,"column":4},"end":{"line":304,"column":23}},"106":{"start":{"line":305,"column":4},"end":{"line":309,"column":7}},"107":{"start":{"line":314,"column":41},"end":{"line":331,"column":1}},"108":{"start":{"line":315,"column":2},"end":{"line":330,"column":3}},"109":{"start":{"line":316,"column":21},"end":{"line":316,"column":75}},"110":{"start":{"line":317,"column":21},"end":{"line":317,"column":79}},"111":{"start":{"line":318,"column":4},"end":{"line":322,"column":7}},"112":{"start":{"line":324,"column":4},"end":{"line":324,"column":23}},"113":{"start":{"line":325,"column":4},"end":{"line":329,"column":7}},"114":{"start":{"line":335,"column":40},"end":{"line":347,"column":1}},"115":{"start":{"line":336,"column":2},"end":{"line":346,"column":3}},"116":{"start":{"line":337,"column":4},"end":{"line":343,"column":7}},"117":{"start":{"line":338,"column":6},"end":{"line":342,"column":7}},"118":{"start":{"line":339,"column":8},"end":{"line":339,"column":34}},"119":{"start":{"line":341,"column":8},"end":{"line":341,"column":27}},"120":{"start":{"line":345,"column":4},"end":{"line":345,"column":23}},"121":{"start":{"line":350,"column":42},"end":{"line":381,"column":1}},"122":{"start":{"line":351,"column":2},"end":{"line":380,"column":3}},"123":{"start":{"line":352,"column":28},"end":{"line":352,"column":36}},"124":{"start":{"line":353,"column":16},"end":{"line":353,"column":17}},"125":{"start":{"line":354,"column":4},"end":{"line":356,"column":7}},"126":{"start":{"line":355,"column":6},"end":{"line":355,"column":23}},"127":{"start":{"line":357,"column":25},"end":{"line":377,"column":5}},"128":{"start":{"line":366,"column":8},"end":{"line":375,"column":9}},"129":{"start":{"line":367,"column":24},"end":{"line":371,"column":19}},"130":{"start":{"line":372,"column":10},"end":{"line":372,"column":33}},"131":{"start":{"line":374,"column":10},"end":{"line":374,"column":38}},"132":{"start":{"line":379,"column":4},"end":{"line":379,"column":23}}},"fnMap":{"0":{"name":"(anonymous_0)","decl":{"start":{"line":20,"column":39},"end":{"line":20,"column":40}},"loc":{"start":{"line":20,"column":59},"end":{"line":62,"column":1}},"line":20},"1":{"name":"(anonymous_1)","decl":{"start":{"line":65,"column":36},"end":{"line":65,"column":37}},"loc":{"start":{"line":65,"column":56},"end":{"line":87,"column":1}},"line":65},"2":{"name":"(anonymous_2)","decl":{"start":{"line":89,"column":42},"end":{"line":89,"column":43}},"loc":{"start":{"line":89,"column":62},"end":{"line":108,"column":1}},"line":89},"3":{"name":"(anonymous_3)","decl":{"start":{"line":111,"column":38},"end":{"line":111,"column":39}},"loc":{"start":{"line":111,"column":58},"end":{"line":126,"column":1}},"line":111},"4":{"name":"(anonymous_4)","decl":{"start":{"line":129,"column":39},"end":{"line":129,"column":40}},"loc":{"start":{"line":129,"column":59},"end":{"line":144,"column":1}},"line":129},"5":{"name":"(anonymous_5)","decl":{"start":{"line":147,"column":39},"end":{"line":147,"column":40}},"loc":{"start":{"line":147,"column":59},"end":{"line":193,"column":1}},"line":147},"6":{"name":"(anonymous_6)","decl":{"start":{"line":196,"column":40},"end":{"line":196,"column":41}},"loc":{"start":{"line":196,"column":60},"end":{"line":215,"column":1}},"line":196},"7":{"name":"(anonymous_7)","decl":{"start":{"line":218,"column":38},"end":{"line":218,"column":39}},"loc":{"start":{"line":218,"column":58},"end":{"line":233,"column":1}},"line":218},"8":{"name":"(anonymous_8)","decl":{"start":{"line":236,"column":37},"end":{"line":236,"column":38}},"loc":{"start":{"line":236,"column":57},"end":{"line":258,"column":1}},"line":236},"9":{"name":"(anonymous_9)","decl":{"start":{"line":261,"column":39},"end":{"line":261,"column":40}},"loc":{"start":{"line":261,"column":59},"end":{"line":285,"column":1}},"line":261},"10":{"name":"(anonymous_10)","decl":{"start":{"line":288,"column":40},"end":{"line":288,"column":41}},"loc":{"start":{"line":288,"column":60},"end":{"line":311,"column":1}},"line":288},"11":{"name":"(anonymous_11)","decl":{"start":{"line":314,"column":41},"end":{"line":314,"column":42}},"loc":{"start":{"line":314,"column":61},"end":{"line":331,"column":1}},"line":314},"12":{"name":"(anonymous_12)","decl":{"start":{"line":335,"column":40},"end":{"line":335,"column":41}},"loc":{"start":{"line":335,"column":60},"end":{"line":347,"column":1}},"line":335},"13":{"name":"(anonymous_13)","decl":{"start":{"line":337,"column":37},"end":{"line":337,"column":38}},"loc":{"start":{"line":337,"column":62},"end":{"line":343,"column":5}},"line":337},"14":{"name":"(anonymous_14)","decl":{"start":{"line":350,"column":42},"end":{"line":350,"column":43}},"loc":{"start":{"line":350,"column":62},"end":{"line":381,"column":1}},"line":350},"15":{"name":"(anonymous_15)","decl":{"start":{"line":354,"column":13},"end":{"line":354,"column":14}},"loc":{"start":{"line":354,"column":20},"end":{"line":356,"column":5}},"line":354},"16":{"name":"(anonymous_16)","decl":{"start":{"line":365,"column":6},"end":{"line":365,"column":7}},"loc":{"start":{"line":365,"column":31},"end":{"line":376,"column":7}},"line":365}},"branchMap":{"0":{"loc":{"start":{"line":26,"column":4},"end":{"line":41,"column":5}},"type":"switch","locations":[{"start":{"line":27,"column":6},"end":{"line":28,"column":67}},{"start":{"line":29,"column":6},"end":{"line":30,"column":74}},{"start":{"line":31,"column":6},"end":{"line":32,"column":68}},{"start":{"line":33,"column":6},"end":{"line":34,"column":71}},{"start":{"line":35,"column":6},"end":{"line":36,"column":71}},{"start":{"line":37,"column":6},"end":{"line":40,"column":76}}],"line":26},"1":{"loc":{"start":{"line":37,"column":11},"end":{"line":37,"column":40}},"type":"binary-expr","locations":[{"start":{"line":37,"column":11},"end":{"line":37,"column":16}},{"start":{"line":37,"column":20},"end":{"line":37,"column":40}}],"line":37},"2":{"loc":{"start":{"line":44,"column":4},"end":{"line":47,"column":5}},"type":"if","locations":[{"start":{"line":44,"column":4},"end":{"line":47,"column":5}},{"start":{},"end":{}}],"line":44},"3":{"loc":{"start":{"line":114,"column":4},"end":{"line":117,"column":5}},"type":"if","locations":[{"start":{"line":114,"column":4},"end":{"line":117,"column":5}},{"start":{},"end":{}}],"line":114},"4":{"loc":{"start":{"line":153,"column":4},"end":{"line":168,"column":5}},"type":"switch","locations":[{"start":{"line":154,"column":6},"end":{"line":155,"column":67}},{"start":{"line":156,"column":6},"end":{"line":157,"column":74}},{"start":{"line":158,"column":6},"end":{"line":159,"column":68}},{"start":{"line":160,"column":6},"end":{"line":161,"column":71}},{"start":{"line":162,"column":6},"end":{"line":163,"column":71}},{"start":{"line":164,"column":6},"end":{"line":167,"column":76}}],"line":153},"5":{"loc":{"start":{"line":164,"column":11},"end":{"line":164,"column":40}},"type":"binary-expr","locations":[{"start":{"line":164,"column":11},"end":{"line":164,"column":16}},{"start":{"line":164,"column":20},"end":{"line":164,"column":40}}],"line":164},"6":{"loc":{"start":{"line":175,"column":4},"end":{"line":178,"column":5}},"type":"if","locations":[{"start":{"line":175,"column":4},"end":{"line":178,"column":5}},{"start":{},"end":{}}],"line":175},"7":{"loc":{"start":{"line":200,"column":4},"end":{"line":200,"column":52}},"type":"if","locations":[{"start":{"line":200,"column":4},"end":{"line":200,"column":52}},{"start":{},"end":{}}],"line":200},"8":{"loc":{"start":{"line":201,"column":4},"end":{"line":201,"column":70}},"type":"if","locations":[{"start":{"line":201,"column":4},"end":{"line":201,"column":70}},{"start":{},"end":{}}],"line":201},"9":{"loc":{"start":{"line":239,"column":17},"end":{"line":239,"column":54}},"type":"cond-expr","locations":[{"start":{"line":239,"column":35},"end":{"line":239,"column":50}},{"start":{"line":239,"column":53},"end":{"line":239,"column":54}}],"line":239},"10":{"loc":{"start":{"line":338,"column":6},"end":{"line":342,"column":7}},"type":"if","locations":[{"start":{"line":338,"column":6},"end":{"line":342,"column":7}},{"start":{"line":340,"column":13},"end":{"line":342,"column":7}}],"line":338},"11":{"loc":{"start":{"line":366,"column":8},"end":{"line":375,"column":9}},"type":"if","locations":[{"start":{"line":366,"column":8},"end":{"line":375,"column":9}},{"start":{"line":373,"column":15},"end":{"line":375,"column":9}}],"line":366}},"s":{"0":1,"1":1,"2":1,"3":0,"4":0,"5":0,"6":0,"7":0,"8":0,"9":0,"10":0,"11":0,"12":0,"13":0,"14":0,"15":0,"16":0,"17":0,"18":0,"19":0,"20":0,"21":1,"22":0,"23":0,"24":0,"25":0,"26":0,"27":1,"28":0,"29":0,"30":0,"31":0,"32":0,"33":1,"34":0,"35":0,"36":0,"37":0,"38":0,"39":0,"40":0,"41":1,"42":0,"43":0,"44":0,"45":0,"46":0,"47":1,"48":0,"49":0,"50":0,"51":0,"52":0,"53":0,"54":0,"55":0,"56":0,"57":0,"58":0,"59":0,"60":0,"61":0,"62":0,"63":0,"64":0,"65":0,"66":1,"67":0,"68":0,"69":0,"70":0,"71":0,"72":0,"73":0,"74":0,"75":0,"76":0,"77":0,"78":1,"79":0,"80":0,"81":0,"82":0,"83":0,"84":1,"85":0,"86":0,"87":0,"88":0,"89":0,"90":0,"91":0,"92":1,"93":4,"94":4,"95":4,"96":4,"97":3,"98":1,"99":1,"100":1,"101":0,"102":0,"103":0,"104":0,"105":0,"106":0,"107":1,"108":0,"109":0,"110":0,"111":0,"112":0,"113":0,"114":1,"115":0,"116":0,"117":0,"118":0,"119":0,"120":0,"121":1,"122":0,"123":0,"124":0,"125":0,"126":0,"127":0,"128":0,"129":0,"130":0,"131":0,"132":0},"f":{"0":0,"1":0,"2":0,"3":0,"4":0,"5":0,"6":0,"7":0,"8":0,"9":4,"10":0,"11":0,"12":0,"13":0,"14":0,"15":0,"16":0},"b":{"0":[0,0,0,0,0,0],"1":[0,0],"2":[0,0],"3":[0,0],"4":[0,0,0,0,0,0],"5":[0,0],"6":[0,0],"7":[0,0],"8":[0,0],"9":[0,0],"10":[0,0],"11":[0,0]},"inputSourceMap":null,"_coverageSchema":"1a1c01bbd47fc00a2c39e90264f33305004495a9","hash":"048b061dc2c74fb7512660c10922ed087f9133c2"}
,"/Users/nicolelim/Desktop/cs4218-2420-ecom-project-team38/models/categoryModel.js": {"path":"/Users/nicolelim/Desktop/cs4218-2420-ecom-project-team38/models/categoryModel.js","statementMap":{"0":{"start":{"line":3,"column":23},"end":{"line":13,"column":2}}},"fnMap":{},"branchMap":{},"s":{"0":1},"f":{},"b":{},"inputSourceMap":null,"_coverageSchema":"1a1c01bbd47fc00a2c39e90264f33305004495a9","hash":"077e2746838f5959070af616ef3674b769b39974"}
,"/Users/nicolelim/Desktop/cs4218-2420-ecom-project-team38/models/orderModel.js": {"path":"/Users/nicolelim/Desktop/cs4218-2420-ecom-project-team38/models/orderModel.js","statementMap":{"0":{"start":{"line":3,"column":20},"end":{"line":23,"column":1}}},"fnMap":{},"branchMap":{},"s":{"0":1},"f":{},"b":{},"inputSourceMap":null,"_coverageSchema":"1a1c01bbd47fc00a2c39e90264f33305004495a9","hash":"53e00c9c26b9d06aee9483e8129d66ff2b03b351"}
,"/Users/nicolelim/Desktop/cs4218-2420-ecom-project-team38/models/productModel.js": {"path":"/Users/nicolelim/Desktop/cs4218-2420-ecom-project-team38/models/productModel.js","statementMap":{"0":{"start":{"line":3,"column":22},"end":{"line":39,"column":1}}},"fnMap":{},"branchMap":{},"s":{"0":1},"f":{},"b":{},"inputSourceMap":null,"_coverageSchema":"1a1c01bbd47fc00a2c39e90264f33305004495a9","hash":"6b81600e49f660052d3dade6208283c1e7785aac"}
}
