TN:
SF:client/src/components/AdminMenu.js
FN:3,(anonymous_0)
FNF:1
FNH:1
FNDA:89,(anonymous_0)
DA:3,1
DA:4,89
LF:2
LH:2
BRF:0
BRH:0
end_of_record
TN:
SF:client/src/components/Footer.js
FN:4,(anonymous_0)
FNF:1
FNH:1
FNDA:89,(anonymous_0)
DA:4,1
DA:5,89
LF:2
LH:2
BRF:0
BRH:0
end_of_record
TN:
SF:client/src/components/Header.js
FN:10,(anonymous_0)
FN:14,(anonymous_1)
FN:63,(anonymous_2)
FNF:3
FNH:2
FNDA:89,(anonymous_0)
FNDA:0,(anonymous_1)
FNDA:89,(anonymous_2)
DA:10,1
DA:11,89
DA:12,89
DA:13,89
DA:14,89
DA:15,0
DA:20,0
DA:21,0
DA:23,89
DA:64,89
LF:10
LH:7
BRDA:76,0,0,89
BRDA:76,0,1,0
BRDA:105,1,0,0
BRDA:105,1,1,0
BRF:4
BRH:1
end_of_record
TN:
SF:client/src/components/Layout.js
FN:8,(anonymous_0)
FNF:1
FNH:1
FNDA:89,(anonymous_0)
DA:8,1
DA:9,89
DA:28,1
LF:3
LH:3
BRF:0
BRH:0
end_of_record
TN:
SF:client/src/components/Form/CategoryForm.js
FN:3,(anonymous_0)
FN:12,(anonymous_1)
FNF:2
FNH:2
FNDA:97,(anonymous_0)
FNDA:47,(anonymous_1)
DA:3,1
DA:4,97
DA:12,47
LF:3
LH:3
BRF:0
BRH:0
end_of_record
TN:
SF:client/src/components/Form/SearchInput.js
FN:5,(anonymous_0)
FN:9,(anonymous_1)
FN:30,(anonymous_2)
FNF:3
FNH:1
FNDA:89,(anonymous_0)
FNDA:0,(anonymous_1)
FNDA:0,(anonymous_2)
DA:5,1
DA:6,89
DA:7,89
DA:9,89
DA:10,0
DA:11,0
DA:12,0
DA:15,0
DA:16,0
DA:18,0
DA:21,89
DA:30,0
LF:12
LH:5
BRF:0
BRH:0
end_of_record
TN:
SF:client/src/pages/admin/CreateCategory.js
FN:8,(anonymous_0)
FN:15,(anonymous_1)
FN:34,(anonymous_2)
FN:46,(anonymous_3)
FN:51,(anonymous_4)
FN:72,(anonymous_5)
FN:113,(anonymous_6)
FN:119,(anonymous_7)
FN:129,(anonymous_8)
FN:142,(anonymous_9)
FNF:10
FNH:9
FNDA:89,(anonymous_0)
FNDA:4,(anonymous_1)
FNDA:22,(anonymous_2)
FNDA:16,(anonymous_3)
FNDA:4,(anonymous_4)
FNDA:4,(anonymous_5)
FNDA:73,(anonymous_6)
FNDA:5,(anonymous_7)
FNDA:4,(anonymous_8)
FNDA:0,(anonymous_9)
DA:8,1
DA:9,89
DA:10,89
DA:11,89
DA:12,89
DA:13,89
DA:15,89
DA:16,4
DA:17,4
DA:18,4
DA:21,3
DA:22,2
DA:23,2
DA:25,1
DA:28,1
DA:29,1
DA:34,89
DA:35,22
DA:36,22
DA:37,21
DA:38,21
DA:41,1
DA:42,1
DA:46,89
DA:47,16
DA:51,89
DA:52,4
DA:53,4
DA:54,4
DA:58,3
DA:59,2
DA:60,2
DA:61,2
DA:62,2
DA:63,2
DA:65,1
DA:68,1
DA:72,89
DA:73,4
DA:74,4
DA:77,3
DA:78,2
DA:80,2
DA:82,1
DA:85,1
DA:88,89
DA:114,73
DA:120,5
DA:121,5
DA:122,5
DA:130,4
DA:142,0
LF:52
LH:51
BRDA:21,0,0,2
BRDA:21,0,1,1
BRDA:37,1,0,21
BRDA:37,1,1,0
BRDA:58,2,0,2
BRDA:58,2,1,1
BRDA:77,3,0,2
BRDA:77,3,1,1
BRF:8
BRH:7
end_of_record
