TN:
SF:client/src/components/AdminMenu.js
FN:3,(anonymous_0)
FNF:1
FNH:1
FNDA:89,(anonymous_0)
DA:3,1
DA:4,89
LF:2
LH:2
BRF:0
BRH:0
end_of_record
TN:
SF:client/src/components/Footer.js
FN:4,(anonymous_0)
FNF:1
FNH:1
FNDA:181,(anonymous_0)
DA:4,7
DA:5,181
LF:2
LH:2
BRF:0
BRH:0
end_of_record
TN:
SF:client/src/components/Header.js
FN:10,(anonymous_0)
FN:14,(anonymous_1)
FN:63,(anonymous_2)
FNF:3
FNH:2
FNDA:181,(anonymous_0)
FNDA:0,(anonymous_1)
FNDA:100,(anonymous_2)
DA:10,7
DA:11,181
DA:12,181
DA:13,181
DA:14,181
DA:15,0
DA:20,0
DA:21,0
DA:23,181
DA:64,100
LF:10
LH:7
BRDA:76,0,0,139
BRDA:76,0,1,42
BRDA:105,1,0,0
BRDA:105,1,1,42
BRF:4
BRH:3
end_of_record
TN:
SF:client/src/components/Layout.js
FN:8,(anonymous_0)
FNF:1
FNH:1
FNDA:181,(anonymous_0)
DA:8,7
DA:9,181
DA:28,7
LF:3
LH:3
BRF:0
BRH:0
end_of_record
TN:
SF:client/src/components/UserMenu.js
FN:3,(anonymous_0)
FNF:1
FNH:1
FNDA:44,(anonymous_0)
DA:3,2
DA:4,44
LF:2
LH:2
BRF:0
BRH:0
end_of_record
TN:
SF:client/src/components/Form/CategoryForm.js
FN:3,(anonymous_0)
FN:12,(anonymous_1)
FNF:2
FNH:2
FNDA:100,(anonymous_0)
FNDA:51,(anonymous_1)
DA:3,2
DA:4,100
DA:12,51
LF:3
LH:3
BRF:0
BRH:0
end_of_record
TN:
SF:client/src/components/Form/SearchInput.js
FN:5,(anonymous_0)
FN:9,(anonymous_1)
FN:30,(anonymous_2)
FNF:3
FNH:3
FNDA:177,(anonymous_0)
FNDA:4,(anonymous_1)
FNDA:4,(anonymous_2)
DA:5,7
DA:6,177
DA:7,177
DA:9,177
DA:10,4
DA:11,4
DA:12,4
DA:15,2
DA:16,2
DA:18,2
DA:21,177
DA:30,4
LF:12
LH:12
BRF:0
BRH:0
end_of_record
TN:
SF:client/src/hooks/useCategory.js
FN:4,useCategory
FN:8,(anonymous_1)
FN:17,(anonymous_2)
FNF:3
FNH:3
FNDA:37,useCategory
FNDA:12,(anonymous_1)
FNDA:12,(anonymous_2)
DA:5,37
DA:8,37
DA:9,12
DA:10,12
DA:11,0
DA:13,12
DA:17,37
DA:18,12
DA:21,37
LF:9
LH:8
BRF:0
BRH:0
end_of_record
TN:
SF:client/src/pages/ProductDetails.js
FN:7,(anonymous_0)
FN:14,(anonymous_1)
FN:18,(anonymous_2)
FN:30,(anonymous_3)
FN:75,(anonymous_4)
FN:98,(anonymous_5)
FNF:6
FNH:6
FNDA:11,(anonymous_0)
FNDA:6,(anonymous_1)
FNDA:5,(anonymous_2)
FNDA:4,(anonymous_3)
FNDA:6,(anonymous_4)
FNDA:1,(anonymous_5)
DA:7,1
DA:8,11
DA:9,11
DA:10,11
DA:11,10
DA:14,10
DA:15,6
DA:18,10
DA:19,5
DA:20,5
DA:23,4
DA:24,4
DA:26,1
DA:30,10
DA:31,4
DA:32,4
DA:35,2
DA:37,2
DA:40,10
DA:76,6
DA:98,1
LF:21
LH:21
BRDA:15,0,0,5
BRDA:15,0,1,1
BRDA:71,1,0,10
BRDA:71,1,1,7
BRF:4
BRH:4
end_of_record
TN:
SF:client/src/pages/Search.js
FN:8,(anonymous_0)
FN:24,(anonymous_1)
FN:46,(anonymous_2)
FN:52,(anonymous_3)
FNF:4
FNH:4
FNDA:11,(anonymous_0)
FNDA:11,(anonymous_1)
FNDA:1,(anonymous_2)
FNDA:1,(anonymous_3)
DA:8,1
DA:9,11
DA:10,11
DA:11,11
DA:13,11
DA:25,11
DA:46,1
DA:53,1
DA:54,1
DA:58,1
LF:10
LH:10
BRDA:19,0,0,2
BRDA:19,0,1,9
BRDA:39,1,0,3
BRDA:39,1,1,8
BRF:4
BRH:4
end_of_record
TN:
SF:client/src/pages/Auth/Login.js
FN:9,(anonymous_0)
FN:18,(anonymous_1)
FN:60,(anonymous_2)
FN:71,(anonymous_3)
FN:82,(anonymous_4)
FNF:5
FNH:4
FNDA:11,(anonymous_0)
FNDA:2,(anonymous_1)
FNDA:3,(anonymous_2)
FNDA:3,(anonymous_3)
FNDA:0,(anonymous_4)
DA:9,1
DA:10,11
DA:11,11
DA:12,11
DA:14,11
DA:15,11
DA:18,11
DA:19,2
DA:20,2
DA:21,2
DA:25,1
DA:26,1
DA:34,1
DA:39,1
DA:40,1
DA:42,0
DA:45,1
DA:46,1
DA:49,11
DA:60,3
DA:71,3
DA:83,0
LF:22
LH:20
BRDA:25,0,0,1
BRDA:25,0,1,0
BRDA:25,1,0,1
BRDA:25,1,1,1
BRDA:26,2,0,1
BRDA:26,2,1,1
BRDA:40,3,0,1
BRDA:40,3,1,1
BRF:8
BRH:7
end_of_record
TN:
SF:client/src/pages/Auth/Register.js
FN:7,(anonymous_0)
FN:18,(anonymous_1)
FN:51,(anonymous_2)
FN:63,(anonymous_3)
FN:74,(anonymous_4)
FN:85,(anonymous_5)
FN:96,(anonymous_6)
FN:107,(anonymous_7)
FN:118,(anonymous_8)
FNF:9
FNH:9
FNDA:16,(anonymous_0)
FNDA:2,(anonymous_1)
FNDA:2,(anonymous_2)
FNDA:2,(anonymous_3)
FNDA:2,(anonymous_4)
FNDA:2,(anonymous_5)
FNDA:2,(anonymous_6)
FNDA:2,(anonymous_7)
FNDA:2,(anonymous_8)
DA:7,1
DA:8,16
DA:9,16
DA:10,16
DA:11,16
DA:12,16
DA:13,16
DA:14,16
DA:15,16
DA:18,16
DA:19,2
DA:20,2
DA:21,2
DA:30,1
DA:31,1
DA:32,1
DA:34,0
DA:37,1
DA:38,1
DA:42,16
DA:51,2
DA:63,2
DA:74,2
DA:85,2
DA:96,2
DA:107,2
DA:118,2
LF:27
LH:26
BRDA:30,0,0,1
BRDA:30,0,1,0
BRDA:30,1,0,1
BRDA:30,1,1,1
BRF:4
BRH:3
end_of_record
TN:
SF:client/src/pages/admin/CreateCategory.js
FN:8,(anonymous_0)
FN:15,(anonymous_1)
FN:34,(anonymous_2)
FN:46,(anonymous_3)
FN:51,(anonymous_4)
FN:72,(anonymous_5)
FN:113,(anonymous_6)
FN:119,(anonymous_7)
FN:129,(anonymous_8)
FN:142,(anonymous_9)
FNF:10
FNH:9
FNDA:89,(anonymous_0)
FNDA:4,(anonymous_1)
FNDA:22,(anonymous_2)
FNDA:16,(anonymous_3)
FNDA:4,(anonymous_4)
FNDA:4,(anonymous_5)
FNDA:73,(anonymous_6)
FNDA:5,(anonymous_7)
FNDA:4,(anonymous_8)
FNDA:0,(anonymous_9)
DA:8,1
DA:9,89
DA:10,89
DA:11,89
DA:12,89
DA:13,89
DA:15,89
DA:16,4
DA:17,4
DA:18,4
DA:21,3
DA:22,2
DA:23,2
DA:25,1
DA:28,1
DA:29,1
DA:34,89
DA:35,22
DA:36,22
DA:37,21
DA:38,21
DA:41,1
DA:42,1
DA:46,89
DA:47,16
DA:51,89
DA:52,4
DA:53,4
DA:54,4
DA:58,3
DA:59,2
DA:60,2
DA:61,2
DA:62,2
DA:63,2
DA:65,1
DA:68,1
DA:72,89
DA:73,4
DA:74,4
DA:77,3
DA:78,2
DA:80,2
DA:82,1
DA:85,1
DA:88,89
DA:114,73
DA:120,5
DA:121,5
DA:122,5
DA:130,4
DA:142,0
LF:52
LH:51
BRDA:21,0,0,2
BRDA:21,0,1,1
BRDA:37,1,0,21
BRDA:37,1,1,0
BRDA:58,2,0,2
BRDA:58,2,1,1
BRDA:77,3,0,2
BRDA:77,3,1,1
BRF:8
BRH:7
end_of_record
TN:
SF:client/src/pages/user/Dashboard.js
FN:5,(anonymous_0)
FNF:1
FNH:1
FNDA:3,(anonymous_0)
DA:5,1
DA:6,3
DA:7,3
LF:3
LH:3
BRF:0
BRH:0
end_of_record
TN:
SF:client/src/pages/user/Profile.js
FN:8,(anonymous_0)
FN:20,(anonymous_1)
FN:34,(anonymous_2)
FN:74,(anonymous_3)
FN:95,(anonymous_4)
FN:105,(anonymous_5)
FN:115,(anonymous_6)
FNF:7
FNH:7
FNDA:41,(anonymous_0)
FNDA:14,(anonymous_1)
FNDA:4,(anonymous_2)
FNDA:3,(anonymous_3)
FNDA:4,(anonymous_4)
FNDA:4,(anonymous_5)
FNDA:3,(anonymous_6)
DA:8,1
DA:9,41
DA:11,41
DA:13,41
DA:14,41
DA:15,41
DA:16,41
DA:17,41
DA:20,41
DA:21,14
DA:22,1
DA:23,1
DA:26,13
DA:27,13
DA:28,13
DA:29,13
DA:30,13
DA:34,41
DA:35,4
DA:36,4
DA:37,4
DA:44,3
DA:45,1
DA:47,2
DA:48,2
DA:49,2
DA:50,2
DA:51,2
DA:52,2
DA:55,1
DA:56,1
DA:59,41
DA:74,3
DA:95,4
DA:105,4
DA:115,3
LF:36
LH:36
BRDA:21,0,0,1
BRDA:21,0,1,13
BRDA:44,1,0,1
BRDA:44,1,1,2
BRF:4
BRH:4
end_of_record
TN:
SF:controllers/authController.js
FN:12,(anonymous_0)
FN:87,(anonymous_1)
FN:141,(anonymous_2)
FN:179,(anonymous_3)
FN:189,(anonymous_4)
FN:251,(anonymous_5)
FN:268,(anonymous_6)
FN:287,(anonymous_7)
FNF:8
FNH:1
FNDA:0,(anonymous_0)
FNDA:0,(anonymous_1)
FNDA:0,(anonymous_2)
FNDA:0,(anonymous_3)
FNDA:12,(anonymous_4)
FNDA:0,(anonymous_5)
FNDA:0,(anonymous_6)
FNDA:0,(anonymous_7)
DA:12,1
DA:13,0
DA:14,0
DA:16,0
DA:17,0
DA:19,0
DA:20,0
DA:22,0
DA:23,0
DA:26,0
DA:27,0
DA:28,0
DA:33,0
DA:34,0
DA:37,0
DA:38,0
DA:39,0
DA:44,0
DA:45,0
DA:47,0
DA:48,0
DA:51,0
DA:53,0
DA:54,0
DA:60,0
DA:62,0
DA:71,0
DA:77,0
DA:78,0
DA:87,1
DA:88,0
DA:89,0
DA:91,0
DA:92,0
DA:98,0
DA:99,0
DA:100,0
DA:105,0
DA:106,0
DA:107,0
DA:113,0
DA:116,0
DA:130,0
DA:131,0
DA:141,1
DA:142,0
DA:143,0
DA:144,0
DA:145,0
DA:147,0
DA:148,0
DA:150,0
DA:151,0
DA:154,0
DA:156,0
DA:157,0
DA:162,0
DA:163,0
DA:164,0
DA:169,0
DA:170,0
DA:179,1
DA:180,0
DA:181,0
DA:183,0
DA:184,0
DA:189,1
DA:190,12
DA:191,12
DA:192,12
DA:194,11
DA:195,11
DA:196,11
DA:197,11
DA:200,11
DA:201,3
DA:207,8
DA:208,5
DA:209,5
DA:210,1
DA:217,7
DA:218,7
DA:219,1
DA:224,6
DA:225,5
DA:235,4
DA:241,3
DA:242,3
DA:251,1
DA:252,0
DA:253,0
DA:257,0
DA:259,0
DA:260,0
DA:268,1
DA:269,0
DA:270,0
DA:275,0
DA:277,0
DA:278,0
DA:287,1
DA:288,0
DA:289,0
DA:290,0
DA:291,0
DA:296,0
DA:298,0
DA:299,0
LF:108
LH:29
BRDA:16,0,0,0
BRDA:16,0,1,0
BRDA:19,1,0,0
BRDA:19,1,1,0
BRDA:22,2,0,0
BRDA:22,2,1,0
BRDA:27,3,0,0
BRDA:27,3,1,0
BRDA:33,4,0,0
BRDA:33,4,1,0
BRDA:38,5,0,0
BRDA:38,5,1,0
BRDA:44,6,0,0
BRDA:44,6,1,0
BRDA:47,7,0,0
BRDA:47,7,1,0
BRDA:53,8,0,0
BRDA:53,8,1,0
BRDA:91,9,0,0
BRDA:91,9,1,0
BRDA:91,10,0,0
BRDA:91,10,1,0
BRDA:99,11,0,0
BRDA:99,11,1,0
BRDA:106,12,0,0
BRDA:106,12,1,0
BRDA:144,13,0,0
BRDA:144,13,1,0
BRDA:147,14,0,0
BRDA:147,14,1,0
BRDA:150,15,0,0
BRDA:150,15,1,0
BRDA:156,16,0,0
BRDA:156,16,1,0
BRDA:200,17,0,3
BRDA:200,17,1,8
BRDA:200,18,0,11
BRDA:200,18,1,10
BRDA:200,18,2,9
BRDA:207,19,0,5
BRDA:207,19,1,3
BRDA:209,20,0,1
BRDA:209,20,1,4
BRDA:218,21,0,1
BRDA:218,21,1,6
BRDA:224,22,0,4
BRDA:224,22,1,2
BRDA:229,23,0,5
BRDA:229,23,1,2
BRF:49
BRH:15
end_of_record
TN:
SF:controllers/categoryController.js
FN:3,(anonymous_0)
FN:37,(anonymous_1)
FN:87,(anonymous_2)
FN:106,(anonymous_3)
FN:125,(anonymous_4)
FNF:5
FNH:3
FNDA:5,(anonymous_0)
FNDA:5,(anonymous_1)
FNDA:0,(anonymous_2)
FNDA:0,(anonymous_3)
FNDA:3,(anonymous_4)
DA:3,1
DA:4,5
DA:5,5
DA:6,5
DA:7,2
DA:9,3
DA:10,3
DA:11,3
DA:12,1
DA:17,2
DA:21,1
DA:27,1
DA:28,1
DA:37,1
DA:38,5
DA:39,5
DA:40,5
DA:42,5
DA:43,1
DA:48,4
DA:49,4
DA:51,4
DA:53,4
DA:54,1
DA:59,3
DA:65,2
DA:66,1
DA:71,1
DA:77,1
DA:78,1
DA:87,1
DA:88,0
DA:89,0
DA:90,0
DA:96,0
DA:97,0
DA:106,1
DA:107,0
DA:108,0
DA:109,0
DA:115,0
DA:116,0
DA:125,1
DA:126,3
DA:127,3
DA:128,3
DA:130,2
DA:131,1
DA:136,1
DA:141,1
DA:142,1
LF:51
LH:41
BRDA:6,0,0,2
BRDA:6,0,1,3
BRDA:6,1,0,5
BRDA:6,1,1,4
BRDA:11,2,0,1
BRDA:11,2,1,2
BRDA:42,3,0,1
BRDA:42,3,1,4
BRDA:42,4,0,5
BRDA:42,4,1,5
BRDA:53,5,0,1
BRDA:53,5,1,3
BRDA:65,6,0,1
BRDA:65,6,1,1
BRDA:130,7,0,1
BRDA:130,7,1,1
BRF:16
BRH:16
end_of_record
TN:
SF:controllers/productController.js
FN:20,(anonymous_0)
FN:65,(anonymous_1)
FN:89,(anonymous_2)
FN:111,(anonymous_3)
FN:129,(anonymous_4)
FN:147,(anonymous_5)
FN:196,(anonymous_6)
FN:218,(anonymous_7)
FN:236,(anonymous_8)
FN:261,(anonymous_9)
FN:288,(anonymous_10)
FN:314,(anonymous_11)
FN:335,(anonymous_12)
FN:337,(anonymous_13)
FN:350,(anonymous_14)
FN:354,(anonymous_15)
FN:365,(anonymous_16)
FNF:17
FNH:5
FNDA:0,(anonymous_0)
FNDA:2,(anonymous_1)
FNDA:2,(anonymous_2)
FNDA:2,(anonymous_3)
FNDA:0,(anonymous_4)
FNDA:0,(anonymous_5)
FNDA:0,(anonymous_6)
FNDA:0,(anonymous_7)
FNDA:0,(anonymous_8)
FNDA:4,(anonymous_9)
FNDA:2,(anonymous_10)
FNDA:0,(anonymous_11)
FNDA:0,(anonymous_12)
FNDA:0,(anonymous_13)
FNDA:0,(anonymous_14)
FNDA:0,(anonymous_15)
FNDA:0,(anonymous_16)
DA:10,1
DA:13,1
DA:20,1
DA:21,0
DA:23,0
DA:24,0
DA:26,0
DA:28,0
DA:30,0
DA:32,0
DA:34,0
DA:36,0
DA:38,0
DA:43,0
DA:44,0
DA:45,0
DA:46,0
DA:48,0
DA:49,0
DA:55,0
DA:56,0
DA:65,1
DA:66,2
DA:67,2
DA:73,1
DA:80,1
DA:81,1
DA:89,1
DA:90,2
DA:91,2
DA:95,1
DA:101,1
DA:102,1
DA:111,1
DA:112,2
DA:113,2
DA:114,1
DA:115,1
DA:116,1
DA:119,1
DA:120,1
DA:129,1
DA:130,0
DA:131,0
DA:132,0
DA:137,0
DA:138,0
DA:147,1
DA:148,0
DA:150,0
DA:151,0
DA:153,0
DA:155,0
DA:157,0
DA:159,0
DA:161,0
DA:163,0
DA:165,0
DA:170,0
DA:175,0
DA:176,0
DA:177,0
DA:179,0
DA:180,0
DA:186,0
DA:187,0
DA:196,1
DA:197,0
DA:198,0
DA:199,0
DA:200,0
DA:201,0
DA:202,0
DA:203,0
DA:208,0
DA:209,0
DA:218,1
DA:219,0
DA:220,0
DA:221,0
DA:226,0
DA:227,0
DA:236,1
DA:237,0
DA:238,0
DA:239,0
DA:240,0
DA:246,0
DA:251,0
DA:252,0
DA:261,1
DA:262,4
DA:263,4
DA:264,4
DA:268,4
DA:276,3
DA:278,1
DA:279,1
DA:288,1
DA:289,2
DA:290,2
DA:291,2
DA:299,1
DA:304,1
DA:305,1
DA:314,1
DA:315,0
DA:316,0
DA:317,0
DA:318,0
DA:324,0
DA:325,0
DA:335,1
DA:336,0
DA:337,0
DA:338,0
DA:339,0
DA:341,0
DA:345,0
DA:350,1
DA:351,0
DA:352,0
DA:353,0
DA:354,0
DA:355,0
DA:357,0
DA:366,0
DA:367,0
DA:372,0
DA:374,0
DA:379,0
LF:131
LH:46
BRDA:26,0,0,0
BRDA:26,0,1,0
BRDA:26,0,2,0
BRDA:26,0,3,0
BRDA:26,0,4,0
BRDA:26,0,5,0
BRDA:37,1,0,0
BRDA:37,1,1,0
BRDA:44,2,0,0
BRDA:44,2,1,0
BRDA:114,3,0,1
BRDA:114,3,1,0
BRDA:153,4,0,0
BRDA:153,4,1,0
BRDA:153,4,2,0
BRDA:153,4,3,0
BRDA:153,4,4,0
BRDA:153,4,5,0
BRDA:164,5,0,0
BRDA:164,5,1,0
BRDA:175,6,0,0
BRDA:175,6,1,0
BRDA:200,7,0,0
BRDA:200,7,1,0
BRDA:201,8,0,0
BRDA:201,8,1,0
BRDA:239,9,0,0
BRDA:239,9,1,0
BRDA:338,10,0,0
BRDA:338,10,1,0
BRDA:366,11,0,0
BRDA:366,11,1,0
BRF:32
BRH:1
end_of_record
TN:
SF:helpers/authHelper.js
FN:3,(anonymous_0)
FN:9,(anonymous_1)
FN:13,(anonymous_2)
FN:19,(anonymous_3)
FNF:4
FNH:4
FNDA:2,(anonymous_0)
FNDA:3,(anonymous_1)
FNDA:4,(anonymous_2)
FNDA:8,(anonymous_3)
DA:3,1
DA:4,2
DA:5,2
DA:6,1
DA:9,1
DA:10,3
DA:13,1
DA:14,4
DA:19,1
DA:20,8
LF:10
LH:10
BRDA:14,0,0,2
BRDA:14,0,1,2
BRDA:14,1,0,4
BRDA:14,1,1,3
BRDA:20,2,0,3
BRDA:20,2,1,5
BRDA:20,3,0,8
BRDA:20,3,1,7
BRF:8
BRH:8
end_of_record
TN:
SF:models/categoryModel.js
FNF:0
FNH:0
DA:3,2
LF:1
LH:1
BRF:0
BRH:0
end_of_record
TN:
SF:models/orderModel.js
FNF:0
FNH:0
DA:3,2
LF:1
LH:1
BRF:0
BRH:0
end_of_record
TN:
SF:models/productModel.js
FNF:0
FNH:0
DA:3,1
LF:1
LH:1
BRF:0
BRH:0
end_of_record
TN:
SF:models/userModel.js
FNF:0
FNH:0
DA:3,1
LF:1
LH:1
BRF:0
BRH:0
end_of_record
